{"total": {"lines":{"total":1706,"covered":117,"skipped":0,"pct":6.85},"statements":{"total":1809,"covered":130,"skipped":0,"pct":7.18},"functions":{"total":444,"covered":32,"skipped":0,"pct":7.2},"branches":{"total":726,"covered":24,"skipped":0,"pct":3.3},"branchesTrue":{"total":0,"covered":0,"skipped":0,"pct":100}}
,"/home/ruben/ESPE/Septimo/Calidad/synckuropos_/synckuropos_app/src/App.tsx": {"lines":{"total":29,"covered":0,"skipped":0,"pct":0},"functions":{"total":8,"covered":0,"skipped":0,"pct":0},"statements":{"total":30,"covered":0,"skipped":0,"pct":0},"branches":{"total":31,"covered":0,"skipped":0,"pct":0}}
,"/home/ruben/ESPE/Septimo/Calidad/synckuropos_/synckuropos_app/src/components/SideNavigation/SideNavigation.tsx": {"lines":{"total":44,"covered":0,"skipped":0,"pct":0},"functions":{"total":16,"covered":0,"skipped":0,"pct":0},"statements":{"total":45,"covered":0,"skipped":0,"pct":0},"branches":{"total":27,"covered":0,"skipped":0,"pct":0}}
,"/home/ruben/ESPE/Septimo/Calidad/synckuropos_/synckuropos_app/src/contexts/DateRangeContext.tsx": {"lines":{"total":78,"covered":62,"skipped":0,"pct":79.48},"functions":{"total":12,"covered":11,"skipped":0,"pct":91.66},"statements":{"total":80,"covered":64,"skipped":0,"pct":80},"branches":{"total":16,"covered":12,"skipped":0,"pct":75}}
,"/home/ruben/ESPE/Septimo/Calidad/synckuropos_/synckuropos_app/src/db/index.ts": {"lines":{"total":12,"covered":0,"skipped":0,"pct":0},"functions":{"total":2,"covered":0,"skipped":0,"pct":0},"statements":{"total":12,"covered":0,"skipped":0,"pct":0},"branches":{"total":1,"covered":0,"skipped":0,"pct":0}}
,"/home/ruben/ESPE/Septimo/Calidad/synckuropos_/synckuropos_app/src/features/auth/components/LoginScreen.tsx": {"lines":{"total":37,"covered":0,"skipped":0,"pct":0},"functions":{"total":9,"covered":0,"skipped":0,"pct":0},"statements":{"total":38,"covered":0,"skipped":0,"pct":0},"branches":{"total":17,"covered":0,"skipped":0,"pct":0}}
,"/home/ruben/ESPE/Septimo/Calidad/synckuropos_/synckuropos_app/src/features/customers/components/CustomersScreen.tsx": {"lines":{"total":25,"covered":0,"skipped":0,"pct":0},"functions":{"total":5,"covered":0,"skipped":0,"pct":0},"statements":{"total":25,"covered":0,"skipped":0,"pct":0},"branches":{"total":7,"covered":0,"skipped":0,"pct":0}}
,"/home/ruben/ESPE/Septimo/Calidad/synckuropos_/synckuropos_app/src/features/customers/components/CustomerInfoTab/CustomerInfoTab.tsx": {"lines":{"total":8,"covered":0,"skipped":0,"pct":0},"functions":{"total":7,"covered":0,"skipped":0,"pct":0},"statements":{"total":8,"covered":0,"skipped":0,"pct":0},"branches":{"total":4,"covered":0,"skipped":0,"pct":0}}
,"/home/ruben/ESPE/Septimo/Calidad/synckuropos_/synckuropos_app/src/features/customers/components/CustomerModal/CustomerModal.tsx": {"lines":{"total":109,"covered":0,"skipped":0,"pct":0},"functions":{"total":16,"covered":0,"skipped":0,"pct":0},"statements":{"total":117,"covered":0,"skipped":0,"pct":0},"branches":{"total":64,"covered":0,"skipped":0,"pct":0}}
,"/home/ruben/ESPE/Septimo/Calidad/synckuropos_/synckuropos_app/src/features/customers/components/CustomersTable/CustomersTable.tsx": {"lines":{"total":3,"covered":0,"skipped":0,"pct":0},"functions":{"total":2,"covered":0,"skipped":0,"pct":0},"statements":{"total":3,"covered":0,"skipped":0,"pct":0},"branches":{"total":0,"covered":0,"skipped":0,"pct":100}}
,"/home/ruben/ESPE/Septimo/Calidad/synckuropos_/synckuropos_app/src/features/customers/components/CustomersTable/CustomerTableHeader/CustomerTableHeader.tsx": {"lines":{"total":9,"covered":0,"skipped":0,"pct":0},"functions":{"total":6,"covered":0,"skipped":0,"pct":0},"statements":{"total":10,"covered":0,"skipped":0,"pct":0},"branches":{"total":3,"covered":0,"skipped":0,"pct":0}}
,"/home/ruben/ESPE/Septimo/Calidad/synckuropos_/synckuropos_app/src/features/customers/components/CustomersTable/CustomerTableRow/CustomerTableRow.tsx": {"lines":{"total":4,"covered":0,"skipped":0,"pct":0},"functions":{"total":2,"covered":0,"skipped":0,"pct":0},"statements":{"total":4,"covered":0,"skipped":0,"pct":0},"branches":{"total":10,"covered":0,"skipped":0,"pct":0}}
,"/home/ruben/ESPE/Septimo/Calidad/synckuropos_/synckuropos_app/src/features/customers/components/DebtTab/DebtTab.tsx": {"lines":{"total":2,"covered":0,"skipped":0,"pct":0},"functions":{"total":1,"covered":0,"skipped":0,"pct":0},"statements":{"total":2,"covered":0,"skipped":0,"pct":0},"branches":{"total":4,"covered":0,"skipped":0,"pct":0}}
,"/home/ruben/ESPE/Septimo/Calidad/synckuropos_/synckuropos_app/src/features/customers/components/DebtTab/DebtDetails/DebtDetailsList.tsx": {"lines":{"total":3,"covered":0,"skipped":0,"pct":0},"functions":{"total":2,"covered":0,"skipped":0,"pct":0},"statements":{"total":3,"covered":0,"skipped":0,"pct":0},"branches":{"total":0,"covered":0,"skipped":0,"pct":100}}
,"/home/ruben/ESPE/Septimo/Calidad/synckuropos_/synckuropos_app/src/features/customers/components/DebtTab/DebtSummaryCards/DebtSummaryCards.tsx": {"lines":{"total":2,"covered":0,"skipped":0,"pct":0},"functions":{"total":1,"covered":0,"skipped":0,"pct":0},"statements":{"total":2,"covered":0,"skipped":0,"pct":0},"branches":{"total":0,"covered":0,"skipped":0,"pct":100}}
,"/home/ruben/ESPE/Septimo/Calidad/synckuropos_/synckuropos_app/src/features/customers/components/DebtTab/PaymentForm/PaymentForm.tsx": {"lines":{"total":3,"covered":0,"skipped":0,"pct":0},"functions":{"total":2,"covered":0,"skipped":0,"pct":0},"statements":{"total":3,"covered":0,"skipped":0,"pct":0},"branches":{"total":5,"covered":0,"skipped":0,"pct":0}}
,"/home/ruben/ESPE/Septimo/Calidad/synckuropos_/synckuropos_app/src/features/customers/components/EmptyState/EmptyState.tsx": {"lines":{"total":3,"covered":0,"skipped":0,"pct":0},"functions":{"total":1,"covered":0,"skipped":0,"pct":0},"statements":{"total":3,"covered":0,"skipped":0,"pct":0},"branches":{"total":6,"covered":0,"skipped":0,"pct":0}}
,"/home/ruben/ESPE/Septimo/Calidad/synckuropos_/synckuropos_app/src/features/customers/components/LoadingState/LoadingState.tsx": {"lines":{"total":2,"covered":0,"skipped":0,"pct":0},"functions":{"total":1,"covered":0,"skipped":0,"pct":0},"statements":{"total":2,"covered":0,"skipped":0,"pct":0},"branches":{"total":0,"covered":0,"skipped":0,"pct":100}}
,"/home/ruben/ESPE/Septimo/Calidad/synckuropos_/synckuropos_app/src/features/customers/components/SearchControls/SearchControls.tsx": {"lines":{"total":4,"covered":0,"skipped":0,"pct":0},"functions":{"total":3,"covered":0,"skipped":0,"pct":0},"statements":{"total":4,"covered":0,"skipped":0,"pct":0},"branches":{"total":0,"covered":0,"skipped":0,"pct":100}}
,"/home/ruben/ESPE/Septimo/Calidad/synckuropos_/synckuropos_app/src/features/customers/hooks/useCustomersData.ts": {"lines":{"total":85,"covered":0,"skipped":0,"pct":0},"functions":{"total":17,"covered":0,"skipped":0,"pct":0},"statements":{"total":92,"covered":0,"skipped":0,"pct":0},"branches":{"total":34,"covered":0,"skipped":0,"pct":0}}
,"/home/ruben/ESPE/Septimo/Calidad/synckuropos_/synckuropos_app/src/features/inventory/components/EmptyState.tsx": {"lines":{"total":2,"covered":0,"skipped":0,"pct":0},"functions":{"total":1,"covered":0,"skipped":0,"pct":0},"statements":{"total":2,"covered":0,"skipped":0,"pct":0},"branches":{"total":4,"covered":0,"skipped":0,"pct":0}}
,"/home/ruben/ESPE/Septimo/Calidad/synckuropos_/synckuropos_app/src/features/inventory/components/InventoryScreen.tsx": {"lines":{"total":21,"covered":0,"skipped":0,"pct":0},"functions":{"total":5,"covered":0,"skipped":0,"pct":0},"statements":{"total":21,"covered":0,"skipped":0,"pct":0},"branches":{"total":5,"covered":0,"skipped":0,"pct":0}}
,"/home/ruben/ESPE/Septimo/Calidad/synckuropos_/synckuropos_app/src/features/inventory/components/ProductModal.tsx": {"lines":{"total":158,"covered":0,"skipped":0,"pct":0},"functions":{"total":29,"covered":0,"skipped":0,"pct":0},"statements":{"total":175,"covered":0,"skipped":0,"pct":0},"branches":{"total":72,"covered":0,"skipped":0,"pct":0}}
,"/home/ruben/ESPE/Septimo/Calidad/synckuropos_/synckuropos_app/src/features/inventory/components/ProductRow.tsx": {"lines":{"total":7,"covered":0,"skipped":0,"pct":0},"functions":{"total":4,"covered":0,"skipped":0,"pct":0},"statements":{"total":7,"covered":0,"skipped":0,"pct":0},"branches":{"total":12,"covered":0,"skipped":0,"pct":0}}
,"/home/ruben/ESPE/Septimo/Calidad/synckuropos_/synckuropos_app/src/features/inventory/components/ProductsTable.tsx": {"lines":{"total":5,"covered":0,"skipped":0,"pct":0},"functions":{"total":2,"covered":0,"skipped":0,"pct":0},"statements":{"total":5,"covered":0,"skipped":0,"pct":0},"branches":{"total":1,"covered":0,"skipped":0,"pct":0}}
,"/home/ruben/ESPE/Septimo/Calidad/synckuropos_/synckuropos_app/src/features/inventory/components/SearchControls.tsx": {"lines":{"total":4,"covered":0,"skipped":0,"pct":0},"functions":{"total":3,"covered":0,"skipped":0,"pct":0},"statements":{"total":4,"covered":0,"skipped":0,"pct":0},"branches":{"total":0,"covered":0,"skipped":0,"pct":100}}
,"/home/ruben/ESPE/Septimo/Calidad/synckuropos_/synckuropos_app/src/features/inventory/components/TableHeader.tsx": {"lines":{"total":9,"covered":0,"skipped":0,"pct":0},"functions":{"total":6,"covered":0,"skipped":0,"pct":0},"statements":{"total":10,"covered":0,"skipped":0,"pct":0},"branches":{"total":3,"covered":0,"skipped":0,"pct":0}}
,"/home/ruben/ESPE/Septimo/Calidad/synckuropos_/synckuropos_app/src/features/inventory/components/Modal/CombosTab.tsx": {"lines":{"total":15,"covered":0,"skipped":0,"pct":0},"functions":{"total":9,"covered":0,"skipped":0,"pct":0},"statements":{"total":16,"covered":0,"skipped":0,"pct":0},"branches":{"total":18,"covered":0,"skipped":0,"pct":0}}
,"/home/ruben/ESPE/Septimo/Calidad/synckuropos_/synckuropos_app/src/features/inventory/components/Modal/GeneralInfoTab.tsx": {"lines":{"total":6,"covered":0,"skipped":0,"pct":0},"functions":{"total":5,"covered":0,"skipped":0,"pct":0},"statements":{"total":6,"covered":0,"skipped":0,"pct":0},"branches":{"total":6,"covered":0,"skipped":0,"pct":0}}
,"/home/ruben/ESPE/Septimo/Calidad/synckuropos_/synckuropos_app/src/features/inventory/components/Modal/StockAdjustmentTab.tsx": {"lines":{"total":15,"covered":0,"skipped":0,"pct":0},"functions":{"total":7,"covered":0,"skipped":0,"pct":0},"statements":{"total":17,"covered":0,"skipped":0,"pct":0},"branches":{"total":15,"covered":0,"skipped":0,"pct":0}}
,"/home/ruben/ESPE/Septimo/Calidad/synckuropos_/synckuropos_app/src/features/inventory/components/Modal/TabNavigation.tsx": {"lines":{"total":5,"covered":0,"skipped":0,"pct":0},"functions":{"total":4,"covered":0,"skipped":0,"pct":0},"statements":{"total":5,"covered":0,"skipped":0,"pct":0},"branches":{"total":6,"covered":0,"skipped":0,"pct":0}}
,"/home/ruben/ESPE/Septimo/Calidad/synckuropos_/synckuropos_app/src/features/inventory/hooks/useInventoryData.ts": {"lines":{"total":54,"covered":0,"skipped":0,"pct":0},"functions":{"total":12,"covered":0,"skipped":0,"pct":0},"statements":{"total":59,"covered":0,"skipped":0,"pct":0},"branches":{"total":18,"covered":0,"skipped":0,"pct":0}}
,"/home/ruben/ESPE/Septimo/Calidad/synckuropos_/synckuropos_app/src/features/reports/components/DateRangePicker.tsx": {"lines":{"total":35,"covered":0,"skipped":0,"pct":0},"functions":{"total":10,"covered":0,"skipped":0,"pct":0},"statements":{"total":35,"covered":0,"skipped":0,"pct":0},"branches":{"total":16,"covered":0,"skipped":0,"pct":0}}
,"/home/ruben/ESPE/Septimo/Calidad/synckuropos_/synckuropos_app/src/features/reports/components/KPICard.tsx": {"lines":{"total":29,"covered":0,"skipped":0,"pct":0},"functions":{"total":10,"covered":0,"skipped":0,"pct":0},"statements":{"total":30,"covered":0,"skipped":0,"pct":0},"branches":{"total":35,"covered":0,"skipped":0,"pct":0}}
,"/home/ruben/ESPE/Septimo/Calidad/synckuropos_/synckuropos_app/src/features/reports/components/KPICards.tsx": {"lines":{"total":24,"covered":0,"skipped":0,"pct":0},"functions":{"total":9,"covered":0,"skipped":0,"pct":0},"statements":{"total":24,"covered":0,"skipped":0,"pct":0},"branches":{"total":14,"covered":0,"skipped":0,"pct":0}}
,"/home/ruben/ESPE/Septimo/Calidad/synckuropos_/synckuropos_app/src/features/reports/components/ReportGlobalChart.tsx": {"lines":{"total":17,"covered":0,"skipped":0,"pct":0},"functions":{"total":4,"covered":0,"skipped":0,"pct":0},"statements":{"total":18,"covered":0,"skipped":0,"pct":0},"branches":{"total":20,"covered":0,"skipped":0,"pct":0}}
,"/home/ruben/ESPE/Septimo/Calidad/synckuropos_/synckuropos_app/src/features/reports/components/ReportsPage.tsx": {"lines":{"total":16,"covered":0,"skipped":0,"pct":0},"functions":{"total":7,"covered":0,"skipped":0,"pct":0},"statements":{"total":16,"covered":0,"skipped":0,"pct":0},"branches":{"total":19,"covered":0,"skipped":0,"pct":0}}
,"/home/ruben/ESPE/Septimo/Calidad/synckuropos_/synckuropos_app/src/features/sales/components/PaymentView.tsx": {"lines":{"total":9,"covered":0,"skipped":0,"pct":0},"functions":{"total":5,"covered":0,"skipped":0,"pct":0},"statements":{"total":9,"covered":0,"skipped":0,"pct":0},"branches":{"total":16,"covered":0,"skipped":0,"pct":0}}
,"/home/ruben/ESPE/Septimo/Calidad/synckuropos_/synckuropos_app/src/features/sales/components/SaleItemsTable.tsx": {"lines":{"total":13,"covered":0,"skipped":0,"pct":0},"functions":{"total":9,"covered":0,"skipped":0,"pct":0},"statements":{"total":13,"covered":0,"skipped":0,"pct":0},"branches":{"total":7,"covered":0,"skipped":0,"pct":0}}
,"/home/ruben/ESPE/Septimo/Calidad/synckuropos_/synckuropos_app/src/features/sales/components/SaleSummary.tsx": {"lines":{"total":10,"covered":0,"skipped":0,"pct":0},"functions":{"total":3,"covered":0,"skipped":0,"pct":0},"statements":{"total":11,"covered":0,"skipped":0,"pct":0},"branches":{"total":1,"covered":0,"skipped":0,"pct":0}}
,"/home/ruben/ESPE/Septimo/Calidad/synckuropos_/synckuropos_app/src/features/sales/components/SalesScreen.tsx": {"lines":{"total":4,"covered":0,"skipped":0,"pct":0},"functions":{"total":1,"covered":0,"skipped":0,"pct":0},"statements":{"total":4,"covered":0,"skipped":0,"pct":0},"branches":{"total":2,"covered":0,"skipped":0,"pct":0}}
,"/home/ruben/ESPE/Septimo/Calidad/synckuropos_/synckuropos_app/src/features/sales/components/SearchBar.tsx": {"lines":{"total":4,"covered":0,"skipped":0,"pct":0},"functions":{"total":2,"covered":0,"skipped":0,"pct":0},"statements":{"total":4,"covered":0,"skipped":0,"pct":0},"branches":{"total":7,"covered":0,"skipped":0,"pct":0}}
,"/home/ruben/ESPE/Septimo/Calidad/synckuropos_/synckuropos_app/src/features/sales/components/SearchResults.tsx": {"lines":{"total":7,"covered":0,"skipped":0,"pct":0},"functions":{"total":3,"covered":0,"skipped":0,"pct":0},"statements":{"total":7,"covered":0,"skipped":0,"pct":0},"branches":{"total":5,"covered":0,"skipped":0,"pct":0}}
,"/home/ruben/ESPE/Septimo/Calidad/synckuropos_/synckuropos_app/src/features/sales/hooks/usePaymentLogic.ts": {"lines":{"total":68,"covered":0,"skipped":0,"pct":0},"functions":{"total":6,"covered":0,"skipped":0,"pct":0},"statements":{"total":70,"covered":0,"skipped":0,"pct":0},"branches":{"total":25,"covered":0,"skipped":0,"pct":0}}
,"/home/ruben/ESPE/Septimo/Calidad/synckuropos_/synckuropos_app/src/features/sales/hooks/useProductSearch.ts": {"lines":{"total":133,"covered":0,"skipped":0,"pct":0},"functions":{"total":23,"covered":0,"skipped":0,"pct":0},"statements":{"total":139,"covered":0,"skipped":0,"pct":0},"branches":{"total":36,"covered":0,"skipped":0,"pct":0}}
,"/home/ruben/ESPE/Septimo/Calidad/synckuropos_/synckuropos_app/src/features/sales/hooks/useSaleItemsLogic.ts": {"lines":{"total":64,"covered":0,"skipped":0,"pct":0},"functions":{"total":24,"covered":0,"skipped":0,"pct":0},"statements":{"total":70,"covered":0,"skipped":0,"pct":0},"branches":{"total":17,"covered":0,"skipped":0,"pct":0}}
,"/home/ruben/ESPE/Septimo/Calidad/synckuropos_/synckuropos_app/src/features/sales/hooks/useSalesLogic.ts": {"lines":{"total":32,"covered":0,"skipped":0,"pct":0},"functions":{"total":9,"covered":0,"skipped":0,"pct":0},"statements":{"total":34,"covered":0,"skipped":0,"pct":0},"branches":{"total":5,"covered":0,"skipped":0,"pct":0}}
,"/home/ruben/ESPE/Septimo/Calidad/synckuropos_/synckuropos_app/src/features/settings/components/CreateUserModal.tsx": {"lines":{"total":40,"covered":0,"skipped":0,"pct":0},"functions":{"total":9,"covered":0,"skipped":0,"pct":0},"statements":{"total":42,"covered":0,"skipped":0,"pct":0},"branches":{"total":9,"covered":0,"skipped":0,"pct":0}}
,"/home/ruben/ESPE/Septimo/Calidad/synckuropos_/synckuropos_app/src/features/settings/components/SettingsScreen.tsx": {"lines":{"total":49,"covered":0,"skipped":0,"pct":0},"functions":{"total":15,"covered":0,"skipped":0,"pct":0},"statements":{"total":51,"covered":0,"skipped":0,"pct":0},"branches":{"total":28,"covered":0,"skipped":0,"pct":0}}
,"/home/ruben/ESPE/Septimo/Calidad/synckuropos_/synckuropos_app/src/hooks/useAuth.tsx": {"lines":{"total":97,"covered":0,"skipped":0,"pct":0},"functions":{"total":10,"covered":0,"skipped":0,"pct":0},"statements":{"total":98,"covered":0,"skipped":0,"pct":0},"branches":{"total":10,"covered":0,"skipped":0,"pct":0}}
,"/home/ruben/ESPE/Septimo/Calidad/synckuropos_/synckuropos_app/src/hooks/useDatabase.tsx": {"lines":{"total":23,"covered":0,"skipped":0,"pct":0},"functions":{"total":4,"covered":0,"skipped":0,"pct":0},"statements":{"total":23,"covered":0,"skipped":0,"pct":0},"branches":{"total":2,"covered":0,"skipped":0,"pct":0}}
,"/home/ruben/ESPE/Septimo/Calidad/synckuropos_/synckuropos_app/src/hooks/useReportTimeseries.ts": {"lines":{"total":58,"covered":0,"skipped":0,"pct":0},"functions":{"total":12,"covered":0,"skipped":0,"pct":0},"statements":{"total":60,"covered":0,"skipped":0,"pct":0},"branches":{"total":10,"covered":0,"skipped":0,"pct":0}}
,"/home/ruben/ESPE/Septimo/Calidad/synckuropos_/synckuropos_app/src/hooks/useReportsKPIs.ts": {"lines":{"total":64,"covered":0,"skipped":0,"pct":0},"functions":{"total":21,"covered":0,"skipped":0,"pct":0},"statements":{"total":76,"covered":0,"skipped":0,"pct":0},"branches":{"total":7,"covered":0,"skipped":0,"pct":0}}
,"/home/ruben/ESPE/Septimo/Calidad/synckuropos_/synckuropos_app/src/hooks/useToast.tsx": {"lines":{"total":12,"covered":11,"skipped":0,"pct":91.66},"functions":{"total":6,"covered":6,"skipped":0,"pct":100},"statements":{"total":13,"covered":12,"skipped":0,"pct":92.3},"branches":{"total":1,"covered":0,"skipped":0,"pct":0}}
,"/home/ruben/ESPE/Septimo/Calidad/synckuropos_/synckuropos_app/src/shared/components/SideNavigation/SideNavigation.tsx": {"lines":{"total":44,"covered":0,"skipped":0,"pct":0},"functions":{"total":16,"covered":0,"skipped":0,"pct":0},"statements":{"total":45,"covered":0,"skipped":0,"pct":0},"branches":{"total":27,"covered":0,"skipped":0,"pct":0}}
,"/home/ruben/ESPE/Septimo/Calidad/synckuropos_/synckuropos_app/src/shared/components/Toast/ToastProvider.tsx": {"lines":{"total":30,"covered":27,"skipped":0,"pct":90},"functions":{"total":13,"covered":9,"skipped":0,"pct":69.23},"statements":{"total":35,"covered":30,"skipped":0,"pct":85.71},"branches":{"total":8,"covered":7,"skipped":0,"pct":87.5}}
,"/home/ruben/ESPE/Septimo/Calidad/synckuropos_/synckuropos_app/src/utils/formatters.ts": {"lines":{"total":22,"covered":17,"skipped":0,"pct":77.27},"functions":{"total":7,"covered":6,"skipped":0,"pct":85.71},"statements":{"total":29,"covered":24,"skipped":0,"pct":82.75},"branches":{"total":6,"covered":5,"skipped":0,"pct":83.33}}
,"/home/ruben/ESPE/Septimo/Calidad/synckuropos_/synckuropos_app/src/utils/sampleData.ts": {"lines":{"total":39,"covered":0,"skipped":0,"pct":0},"functions":{"total":6,"covered":0,"skipped":0,"pct":0},"statements":{"total":43,"covered":0,"skipped":0,"pct":0},"branches":{"total":4,"covered":0,"skipped":0,"pct":0}}
}
