TN:
SF:src/App.tsx
FN:14,App
FN:24,(anonymous_1)
FN:25,(anonymous_2)
FN:30,(anonymous_3)
FN:54,(anonymous_4)
FN:58,(anonymous_5)
FN:70,(anonymous_6)
FN:74,(anonymous_7)
FNF:8
FNH:0
FNDA:0,App
FNDA:0,(anonymous_1)
FNDA:0,(anonymous_2)
FNDA:0,(anonymous_3)
FNDA:0,(anonymous_4)
FNDA:0,(anonymous_5)
FNDA:0,(anonymous_6)
FNDA:0,(anonymous_7)
DA:15,0
DA:16,0
DA:17,0
DA:18,0
DA:21,0
DA:24,0
DA:25,0
DA:26,0
DA:29,0
DA:30,0
DA:34,0
DA:35,0
DA:39,0
DA:40,0
DA:54,0
DA:55,0
DA:58,0
DA:59,0
DA:70,0
DA:71,0
DA:74,0
DA:75,0
DA:77,0
DA:85,0
DA:87,0
DA:89,0
DA:91,0
DA:93,0
DA:97,0
LF:29
LH:0
BRDA:34,0,0,0
BRDA:34,1,0,0
BRDA:34,1,1,0
BRDA:39,2,0,0
BRDA:75,3,0,0
BRDA:75,3,1,0
BRDA:75,3,2,0
BRDA:75,3,3,0
BRDA:75,3,4,0
BRDA:75,3,5,0
BRDA:102,4,0,0
BRDA:102,4,1,0
BRDA:102,5,0,0
BRDA:102,5,1,0
BRDA:102,5,2,0
BRDA:103,6,0,0
BRDA:103,6,1,0
BRDA:104,7,0,0
BRDA:104,7,1,0
BRDA:104,8,0,0
BRDA:104,8,1,0
BRDA:104,8,2,0
BRDA:104,8,3,0
BRDA:108,9,0,0
BRDA:108,9,1,0
BRDA:108,10,0,0
BRDA:108,10,1,0
BRDA:108,10,2,0
BRDA:108,10,3,0
BRDA:124,11,0,0
BRDA:124,11,1,0
BRF:31
BRH:0
end_of_record
TN:
SF:src/components/SideNavigation/SideNavigation.tsx
FN:6,(anonymous_0)
FN:81,(anonymous_1)
FN:92,(anonymous_2)
FN:93,(anonymous_3)
FN:104,(anonymous_4)
FN:108,(anonymous_5)
FN:115,(anonymous_6)
FN:117,(anonymous_7)
FN:128,(anonymous_8)
FN:135,(anonymous_9)
FN:143,(anonymous_10)
FN:154,(anonymous_11)
FN:159,(anonymous_12)
FN:212,(anonymous_13)
FN:218,(anonymous_14)
FN:234,(anonymous_15)
FNF:16
FNH:0
FNDA:0,(anonymous_0)
FNDA:0,(anonymous_1)
FNDA:0,(anonymous_2)
FNDA:0,(anonymous_3)
FNDA:0,(anonymous_4)
FNDA:0,(anonymous_5)
FNDA:0,(anonymous_6)
FNDA:0,(anonymous_7)
FNDA:0,(anonymous_8)
FNDA:0,(anonymous_9)
FNDA:0,(anonymous_10)
FNDA:0,(anonymous_11)
FNDA:0,(anonymous_12)
FNDA:0,(anonymous_13)
FNDA:0,(anonymous_14)
FNDA:0,(anonymous_15)
DA:6,0
DA:7,0
DA:42,0
DA:46,0
DA:74,0
DA:81,0
DA:87,0
DA:88,0
DA:89,0
DA:92,0
DA:93,0
DA:94,0
DA:98,0
DA:101,0
DA:104,0
DA:108,0
DA:109,0
DA:110,0
DA:115,0
DA:116,0
DA:117,0
DA:118,0
DA:119,0
DA:123,0
DA:126,0
DA:128,0
DA:129,0
DA:135,0
DA:136,0
DA:140,0
DA:143,0
DA:144,0
DA:145,0
DA:148,0
DA:149,0
DA:154,0
DA:155,0
DA:159,0
DA:160,0
DA:161,0
DA:165,0
DA:213,0
DA:218,0
DA:234,0
LF:44
LH:0
BRDA:42,0,0,0
BRDA:42,0,1,0
BRDA:109,1,0,0
BRDA:116,2,0,0
BRDA:116,3,0,0
BRDA:116,3,1,0
BRDA:116,3,2,0
BRDA:144,4,0,0
BRDA:148,5,0,0
BRDA:160,6,0,0
BRDA:168,7,0,0
BRDA:168,7,1,0
BRDA:181,8,0,0
BRDA:181,8,1,0
BRDA:181,8,2,0
BRDA:192,9,0,0
BRDA:192,9,1,0
BRDA:193,10,0,0
BRDA:193,10,1,0
BRDA:200,11,0,0
BRDA:200,11,1,0
BRDA:216,12,0,0
BRDA:216,12,1,0
BRDA:228,13,0,0
BRDA:228,13,1,0
BRDA:232,14,0,0
BRDA:232,14,1,0
BRF:27
BRH:0
end_of_record
TN:
SF:src/contexts/DateRangeContext.tsx
FN:23,(anonymous_0)
FN:85,(anonymous_1)
FN:96,(anonymous_2)
FN:104,(anonymous_3)
FN:120,(anonymous_4)
FN:136,(anonymous_5)
FN:138,(anonymous_6)
FN:142,(anonymous_7)
FN:161,(anonymous_8)
FN:169,(anonymous_9)
FN:178,(anonymous_10)
FN:201,(anonymous_11)
FNF:12
FNH:11
FNDA:14,(anonymous_0)
FNDA:11,(anonymous_1)
FNDA:4,(anonymous_2)
FNDA:5,(anonymous_3)
FNDA:10,(anonymous_4)
FNDA:16,(anonymous_5)
FNDA:5,(anonymous_6)
FNDA:5,(anonymous_7)
FNDA:1,(anonymous_8)
FNDA:3,(anonymous_9)
FNDA:9,(anonymous_10)
FNDA:0,(anonymous_11)
DA:1,1
DA:20,1
DA:23,1
DA:24,14
DA:25,14
DA:27,14
DA:29,6
DA:35,4
DA:36,4
DA:37,4
DA:44,4
DA:45,4
DA:46,4
DA:53,0
DA:54,0
DA:55,0
DA:62,0
DA:63,0
DA:64,0
DA:71,0
DA:79,1
DA:85,1
DA:86,11
DA:87,11
DA:92,0
DA:96,1
DA:97,4
DA:98,4
DA:100,0
DA:104,1
DA:105,5
DA:106,5
DA:107,5
DA:108,4
DA:109,4
DA:115,0
DA:117,1
DA:120,1
DA:121,10
DA:122,10
DA:123,10
DA:124,6
DA:127,0
DA:129,4
DA:136,1
DA:138,16
DA:139,5
DA:142,16
DA:143,5
DA:144,5
DA:147,5
DA:148,4
DA:152,1
DA:153,1
DA:157,0
DA:161,16
DA:162,1
DA:163,1
DA:164,1
DA:165,1
DA:169,16
DA:170,3
DA:171,3
DA:172,3
DA:173,3
DA:174,3
DA:178,16
DA:179,9
DA:180,7
DA:181,7
DA:182,7
DA:186,16
DA:193,16
DA:201,1
DA:202,0
DA:204,0
DA:205,0
DA:208,0
LF:78
LH:62
BRDA:27,0,0,6
BRDA:27,0,1,4
BRDA:27,0,2,4
BRDA:27,0,3,0
BRDA:27,0,4,0
BRDA:27,0,5,0
BRDA:107,1,0,4
BRDA:123,2,0,6
BRDA:123,3,0,10
BRDA:123,3,1,6
BRDA:147,4,0,4
BRDA:147,5,0,5
BRDA:147,5,1,4
BRDA:152,6,0,1
BRDA:179,7,0,7
BRDA:204,8,0,0
BRF:16
BRH:12
end_of_record
TN:
SF:src/db/index.ts
FN:30,(anonymous_0)
FN:55,(anonymous_1)
FNF:2
FNH:0
FNDA:0,(anonymous_0)
FNDA:0,(anonymous_1)
DA:24,0
DA:25,0
DA:26,0
DA:28,0
DA:30,0
DA:31,0
DA:41,0
DA:52,0
DA:55,0
DA:56,0
DA:57,0
DA:59,0
LF:12
LH:0
BRDA:56,0,0,0
BRF:1
BRH:0
end_of_record
TN:
SF:src/features/auth/components/LoginScreen.tsx
FN:7,(anonymous_0)
FN:16,(anonymous_1)
FN:17,(anonymous_2)
FN:23,(anonymous_3)
FN:52,(anonymous_4)
FN:94,(anonymous_5)
FN:113,(anonymous_6)
FN:143,(anonymous_7)
FN:155,(anonymous_8)
FNF:9
FNH:0
FNDA:0,(anonymous_0)
FNDA:0,(anonymous_1)
FNDA:0,(anonymous_2)
FNDA:0,(anonymous_3)
FNDA:0,(anonymous_4)
FNDA:0,(anonymous_5)
FNDA:0,(anonymous_6)
FNDA:0,(anonymous_7)
FNDA:0,(anonymous_8)
DA:7,0
DA:8,0
DA:9,0
DA:10,0
DA:14,0
DA:16,0
DA:17,0
DA:23,0
DA:24,0
DA:27,0
DA:28,0
DA:29,0
DA:32,0
DA:33,0
DA:34,0
DA:37,0
DA:38,0
DA:39,0
DA:42,0
DA:43,0
DA:44,0
DA:46,0
DA:48,0
DA:52,0
DA:53,0
DA:58,0
DA:59,0
DA:61,0
DA:62,0
DA:63,0
DA:65,0
DA:67,0
DA:71,0
DA:94,0
DA:113,0
DA:143,0
DA:155,0
LF:37
LH:0
BRDA:27,0,0,0
BRDA:32,1,0,0
BRDA:37,2,0,0
BRDA:96,3,0,0
BRDA:96,3,1,0
BRDA:115,4,0,0
BRDA:115,4,1,0
BRDA:125,5,0,0
BRDA:125,5,1,0
BRDA:127,6,0,0
BRDA:127,6,1,0
BRDA:127,7,0,0
BRDA:127,7,1,0
BRDA:144,8,0,0
BRDA:144,8,1,0
BRDA:156,9,0,0
BRDA:156,9,1,0
BRF:17
BRH:0
end_of_record
TN:
SF:src/features/customers/components/CustomersScreen.tsx
FN:11,(anonymous_0)
FN:35,(anonymous_1)
FN:43,(anonymous_2)
FN:52,(anonymous_3)
FN:59,(anonymous_4)
FNF:5
FNH:0
FNDA:0,(anonymous_0)
FNDA:0,(anonymous_1)
FNDA:0,(anonymous_2)
FNDA:0,(anonymous_3)
FNDA:0,(anonymous_4)
DA:11,0
DA:13,0
DA:14,0
DA:15,0
DA:16,0
DA:32,0
DA:35,0
DA:36,0
DA:37,0
DA:38,0
DA:39,0
DA:43,0
DA:44,0
DA:45,0
DA:47,0
DA:48,0
DA:52,0
DA:53,0
DA:54,0
DA:55,0
DA:59,0
DA:60,0
DA:63,0
DA:64,0
DA:67,0
LF:25
LH:0
BRDA:63,0,0,0
BRDA:87,1,0,0
BRDA:87,1,1,0
BRDA:106,2,0,0
BRDA:106,2,1,0
BRDA:110,3,0,0
BRDA:110,3,1,0
BRF:7
BRH:0
end_of_record
TN:
SF:src/features/customers/components/CustomerInfoTab/CustomerInfoTab.tsx
FN:21,(anonymous_0)
FN:41,(anonymous_1)
FN:55,(anonymous_2)
FN:65,(anonymous_3)
FN:77,(anonymous_4)
FN:92,(anonymous_5)
FN:112,(anonymous_6)
FNF:7
FNH:0
FNDA:0,(anonymous_0)
FNDA:0,(anonymous_1)
FNDA:0,(anonymous_2)
FNDA:0,(anonymous_3)
FNDA:0,(anonymous_4)
FNDA:0,(anonymous_5)
FNDA:0,(anonymous_6)
DA:21,0
DA:28,0
DA:41,0
DA:55,0
DA:65,0
DA:77,0
DA:92,0
DA:112,0
LF:8
LH:0
BRDA:100,0,0,0
BRDA:100,0,1,0
BRDA:138,1,0,0
BRDA:138,1,1,0
BRF:4
BRH:0
end_of_record
TN:
SF:src/features/customers/components/CustomerModal/CustomerModal.tsx
FN:46,(anonymous_0)
FN:82,(anonymous_1)
FN:106,(anonymous_2)
FN:125,(anonymous_3)
FN:144,(anonymous_4)
FN:145,(anonymous_5)
FN:174,(anonymous_6)
FN:175,(anonymous_7)
FN:182,(anonymous_8)
FN:200,(anonymous_9)
FN:257,(anonymous_10)
FN:281,(anonymous_11)
FN:322,(anonymous_12)
FN:330,(anonymous_13)
FN:345,(anonymous_14)
FN:352,(anonymous_15)
FNF:16
FNH:0
FNDA:0,(anonymous_0)
FNDA:0,(anonymous_1)
FNDA:0,(anonymous_2)
FNDA:0,(anonymous_3)
FNDA:0,(anonymous_4)
FNDA:0,(anonymous_5)
FNDA:0,(anonymous_6)
FNDA:0,(anonymous_7)
FNDA:0,(anonymous_8)
FNDA:0,(anonymous_9)
FNDA:0,(anonymous_10)
FNDA:0,(anonymous_11)
FNDA:0,(anonymous_12)
FNDA:0,(anonymous_13)
FNDA:0,(anonymous_14)
FNDA:0,(anonymous_15)
DA:46,0
DA:54,0
DA:55,0
DA:56,0
DA:57,0
DA:58,0
DA:61,0
DA:71,0
DA:77,0
DA:78,0
DA:79,0
DA:82,0
DA:83,0
DA:84,0
DA:85,0
DA:95,0
DA:98,0
DA:100,0
DA:101,0
DA:106,0
DA:107,0
DA:115,0
DA:120,0
DA:121,0
DA:125,0
DA:126,0
DA:128,0
DA:132,0
DA:133,0
DA:136,0
DA:137,0
DA:140,0
DA:144,0
DA:145,0
DA:146,0
DA:148,0
DA:149,0
DA:155,0
DA:159,0
DA:162,0
DA:163,0
DA:169,0
DA:170,0
DA:174,0
DA:175,0
DA:182,0
DA:183,0
DA:184,0
DA:185,0
DA:188,0
DA:189,0
DA:190,0
DA:191,0
DA:192,0
DA:196,0
DA:200,0
DA:201,0
DA:203,0
DA:205,0
DA:206,0
DA:220,0
DA:221,0
DA:222,0
DA:224,0
DA:228,0
DA:229,0
DA:242,0
DA:246,0
DA:247,0
DA:249,0
DA:250,0
DA:252,0
DA:257,0
DA:258,0
DA:259,0
DA:260,0
DA:263,0
DA:264,0
DA:265,0
DA:266,0
DA:269,0
DA:271,0
DA:272,0
DA:273,0
DA:276,0
DA:278,0
DA:280,0
DA:281,0
DA:282,0
DA:285,0
DA:286,0
DA:288,0
DA:291,0
DA:302,0
DA:303,0
DA:306,0
DA:307,0
DA:310,0
DA:312,0
DA:314,0
DA:315,0
DA:317,0
DA:322,0
DA:323,0
DA:326,0
DA:328,0
DA:330,0
DA:345,0
DA:352,0
LF:109
LH:0
BRDA:52,0,0,0
BRDA:83,1,0,0
BRDA:84,2,0,0
BRDA:84,2,1,0
BRDA:84,3,0,0
BRDA:84,3,1,0
BRDA:87,4,0,0
BRDA:87,4,1,0
BRDA:88,5,0,0
BRDA:88,5,1,0
BRDA:89,6,0,0
BRDA:89,6,1,0
BRDA:95,7,0,0
BRDA:95,7,1,0
BRDA:148,8,0,0
BRDA:162,9,0,0
BRDA:162,9,1,0
BRDA:183,10,0,0
BRDA:188,11,0,0
BRDA:190,12,0,0
BRDA:190,13,0,0
BRDA:190,13,1,0
BRDA:201,14,0,0
BRDA:207,15,0,0
BRDA:207,15,1,0
BRDA:209,16,0,0
BRDA:209,16,1,0
BRDA:210,17,0,0
BRDA:210,17,1,0
BRDA:211,18,0,0
BRDA:211,18,1,0
BRDA:213,19,0,0
BRDA:213,19,1,0
BRDA:216,20,0,0
BRDA:216,20,1,0
BRDA:220,21,0,0
BRDA:220,21,1,0
BRDA:228,22,0,0
BRDA:246,23,0,0
BRDA:258,24,0,0
BRDA:264,25,0,0
BRDA:264,26,0,0
BRDA:264,26,1,0
BRDA:271,27,0,0
BRDA:286,28,0,0
BRDA:294,29,0,0
BRDA:294,29,1,0
BRDA:312,30,0,0
BRDA:326,31,0,0
BRDA:334,32,0,0
BRDA:334,32,1,0
BRDA:344,33,0,0
BRDA:344,33,1,0
BRDA:349,34,0,0
BRDA:349,34,1,0
BRDA:349,34,2,0
BRDA:351,35,0,0
BRDA:351,35,1,0
BRDA:361,36,0,0
BRDA:361,36,1,0
BRDA:371,37,0,0
BRDA:371,37,1,0
BRDA:371,37,2,0
BRDA:371,37,3,0
BRF:64
BRH:0
end_of_record
TN:
SF:src/features/customers/components/CustomersTable/CustomersTable.tsx
FN:7,(anonymous_0)
FN:24,(anonymous_1)
FNF:2
FNH:0
FNDA:0,(anonymous_0)
FNDA:0,(anonymous_1)
DA:7,0
DA:15,0
DA:25,0
LF:3
LH:0
BRF:0
BRH:0
end_of_record
TN:
SF:src/features/customers/components/CustomersTable/CustomerTableHeader/CustomerTableHeader.tsx
FN:5,(anonymous_0)
FN:10,(anonymous_1)
FN:20,(anonymous_2)
FN:26,(anonymous_3)
FN:32,(anonymous_4)
FN:38,(anonymous_5)
FNF:6
FNH:0
FNDA:0,(anonymous_0)
FNDA:0,(anonymous_1)
FNDA:0,(anonymous_2)
FNDA:0,(anonymous_3)
FNDA:0,(anonymous_4)
FNDA:0,(anonymous_5)
DA:5,0
DA:10,0
DA:11,0
DA:12,0
DA:15,0
DA:20,0
DA:26,0
DA:32,0
DA:38,0
LF:9
LH:0
BRDA:11,0,0,0
BRDA:12,1,0,0
BRDA:12,1,1,0
BRF:3
BRH:0
end_of_record
TN:
SF:src/features/customers/components/CustomersTable/CustomerTableRow/CustomerTableRow.tsx
FN:5,(anonymous_0)
FN:42,(anonymous_1)
FNF:2
FNH:0
FNDA:0,(anonymous_0)
FNDA:0,(anonymous_1)
DA:5,0
DA:10,0
DA:42,0
DA:55,0
LF:4
LH:0
BRDA:12,0,0,0
BRDA:12,0,1,0
BRDA:16,1,0,0
BRDA:16,1,1,0
BRDA:19,2,0,0
BRDA:19,2,1,0
BRDA:22,3,0,0
BRDA:22,3,1,0
BRDA:31,4,0,0
BRDA:31,4,1,0
BRF:10
BRH:0
end_of_record
TN:
SF:src/features/customers/components/DebtTab/DebtTab.tsx
FN:30,(anonymous_0)
FNF:1
FNH:0
FNDA:0,(anonymous_0)
DA:30,0
DA:39,0
LF:2
LH:0
BRDA:48,0,0,0
BRDA:48,0,1,0
BRDA:69,1,0,0
BRDA:69,1,1,0
BRF:4
BRH:0
end_of_record
TN:
SF:src/features/customers/components/DebtTab/DebtDetails/DebtDetailsList.tsx
FN:16,(anonymous_0)
FN:22,(anonymous_1)
FNF:2
FNH:0
FNDA:0,(anonymous_0)
FNDA:0,(anonymous_1)
DA:16,0
DA:20,0
DA:23,0
LF:3
LH:0
BRF:0
BRH:0
end_of_record
TN:
SF:src/features/customers/components/DebtTab/DebtSummaryCards/DebtSummaryCards.tsx
FN:15,(anonymous_0)
FNF:1
FNH:0
FNDA:0,(anonymous_0)
DA:15,0
DA:19,0
LF:2
LH:0
BRF:0
BRH:0
end_of_record
TN:
SF:src/features/customers/components/DebtTab/PaymentForm/PaymentForm.tsx
FN:12,(anonymous_0)
FN:32,(anonymous_1)
FNF:2
FNH:0
FNDA:0,(anonymous_0)
FNDA:0,(anonymous_1)
DA:12,0
DA:19,0
DA:32,0
LF:3
LH:0
BRDA:46,0,0,0
BRDA:46,0,1,0
BRDA:46,0,2,0
BRDA:48,1,0,0
BRDA:48,1,1,0
BRF:5
BRH:0
end_of_record
TN:
SF:src/features/customers/components/EmptyState/EmptyState.tsx
FN:10,(anonymous_0)
FNF:1
FNH:0
FNDA:0,(anonymous_0)
DA:10,0
DA:15,0
DA:17,0
LF:3
LH:0
BRDA:15,0,0,0
BRDA:15,0,1,0
BRDA:22,1,0,0
BRDA:22,1,1,0
BRDA:27,2,0,0
BRDA:27,2,1,0
BRF:6
BRH:0
end_of_record
TN:
SF:src/features/customers/components/LoadingState/LoadingState.tsx
FN:4,(anonymous_0)
FNF:1
FNH:0
FNDA:0,(anonymous_0)
DA:4,0
DA:5,0
LF:2
LH:0
BRF:0
BRH:0
end_of_record
TN:
SF:src/features/customers/components/SearchControls/SearchControls.tsx
FN:5,(anonymous_0)
FN:21,(anonymous_1)
FN:43,(anonymous_2)
FNF:3
FNH:0
FNDA:0,(anonymous_0)
FNDA:0,(anonymous_1)
FNDA:0,(anonymous_2)
DA:5,0
DA:14,0
DA:21,0
DA:43,0
LF:4
LH:0
BRF:0
BRH:0
end_of_record
TN:
SF:src/features/customers/hooks/useCustomersData.ts
FN:6,(anonymous_0)
FN:23,(anonymous_1)
FN:45,(anonymous_2)
FN:66,(anonymous_3)
FN:77,(anonymous_4)
FN:81,(anonymous_5)
FN:100,(anonymous_6)
FN:107,(anonymous_7)
FN:108,(anonymous_8)
FN:111,(anonymous_9)
FN:148,(anonymous_10)
FN:153,(anonymous_11)
FN:159,(anonymous_12)
FN:169,(anonymous_13)
FN:170,(anonymous_14)
FN:172,(anonymous_15)
FN:182,(anonymous_16)
FNF:17
FNH:0
FNDA:0,(anonymous_0)
FNDA:0,(anonymous_1)
FNDA:0,(anonymous_2)
FNDA:0,(anonymous_3)
FNDA:0,(anonymous_4)
FNDA:0,(anonymous_5)
FNDA:0,(anonymous_6)
FNDA:0,(anonymous_7)
FNDA:0,(anonymous_8)
FNDA:0,(anonymous_9)
FNDA:0,(anonymous_10)
FNDA:0,(anonymous_11)
FNDA:0,(anonymous_12)
FNDA:0,(anonymous_13)
FNDA:0,(anonymous_14)
FNDA:0,(anonymous_15)
FNDA:0,(anonymous_16)
DA:6,0
DA:8,0
DA:9,0
DA:10,0
DA:11,0
DA:12,0
DA:15,0
DA:16,0
DA:19,0
DA:20,0
DA:23,0
DA:24,0
DA:26,0
DA:28,0
DA:32,0
DA:34,0
DA:37,0
DA:38,0
DA:41,0
DA:45,0
DA:46,0
DA:50,0
DA:53,0
DA:54,0
DA:58,0
DA:60,0
DA:61,0
DA:66,0
DA:67,0
DA:69,0
DA:70,0
DA:73,0
DA:77,0
DA:80,0
DA:82,0
DA:83,0
DA:90,0
DA:92,0
DA:93,0
DA:95,0
DA:100,0
DA:101,0
DA:102,0
DA:107,0
DA:108,0
DA:109,0
DA:111,0
DA:114,0
DA:116,0
DA:117,0
DA:118,0
DA:120,0
DA:121,0
DA:122,0
DA:124,0
DA:125,0
DA:126,0
DA:128,0
DA:129,0
DA:130,0
DA:132,0
DA:133,0
DA:136,0
DA:137,0
DA:139,0
DA:143,0
DA:148,0
DA:149,0
DA:152,0
DA:153,0
DA:157,0
DA:158,0
DA:159,0
DA:160,0
DA:165,0
DA:169,0
DA:170,0
DA:171,0
DA:172,0
DA:173,0
DA:175,0
DA:176,0
DA:182,0
DA:183,0
DA:186,0
LF:85
LH:0
BRDA:24,0,0,0
BRDA:32,1,0,0
BRDA:53,2,0,0
BRDA:67,3,0,0
BRDA:101,4,0,0
BRDA:109,5,0,0
BRDA:114,6,0,0
BRDA:114,6,1,0
BRDA:114,6,2,0
BRDA:114,6,3,0
BRDA:114,6,4,0
BRDA:120,7,0,0
BRDA:120,7,1,0
BRDA:121,8,0,0
BRDA:121,8,1,0
BRDA:136,9,0,0
BRDA:136,9,1,0
BRDA:137,10,0,0
BRDA:137,10,1,0
BRDA:137,11,0,0
BRDA:137,11,1,0
BRDA:139,12,0,0
BRDA:139,12,1,0
BRDA:139,13,0,0
BRDA:139,13,1,0
BRDA:152,14,0,0
BRDA:157,15,0,0
BRDA:160,16,0,0
BRDA:160,16,1,0
BRDA:160,16,2,0
BRDA:171,17,0,0
BRDA:171,17,1,0
BRDA:172,18,0,0
BRDA:172,18,1,0
BRF:34
BRH:0
end_of_record
TN:
SF:src/features/inventory/components/EmptyState.tsx
FN:9,(anonymous_0)
FNF:1
FNH:0
FNDA:0,(anonymous_0)
DA:9,0
DA:10,0
LF:2
LH:0
BRDA:15,0,0,0
BRDA:15,0,1,0
BRDA:20,1,0,0
BRDA:20,1,1,0
BRF:4
BRH:0
end_of_record
TN:
SF:src/features/inventory/components/InventoryScreen.tsx
FN:9,(anonymous_0)
FN:32,(anonymous_1)
FN:39,(anonymous_2)
FN:46,(anonymous_3)
FN:52,(anonymous_4)
FNF:5
FNH:0
FNDA:0,(anonymous_0)
FNDA:0,(anonymous_1)
FNDA:0,(anonymous_2)
FNDA:0,(anonymous_3)
FNDA:0,(anonymous_4)
DA:9,0
DA:11,0
DA:12,0
DA:13,0
DA:29,0
DA:32,0
DA:33,0
DA:34,0
DA:35,0
DA:39,0
DA:40,0
DA:41,0
DA:42,0
DA:46,0
DA:47,0
DA:48,0
DA:52,0
DA:53,0
DA:56,0
DA:57,0
DA:65,0
LF:21
LH:0
BRDA:56,0,0,0
BRDA:96,1,0,0
BRDA:96,1,1,0
BRDA:100,2,0,0
BRDA:100,2,1,0
BRF:5
BRH:0
end_of_record
TN:
SF:src/features/inventory/components/ProductModal.tsx
FN:26,(anonymous_0)
FN:71,(anonymous_1)
FN:91,(anonymous_2)
FN:110,(anonymous_3)
FN:116,(anonymous_4)
FN:129,(anonymous_5)
FN:130,(anonymous_6)
FN:137,(anonymous_7)
FN:138,(anonymous_8)
FN:145,(anonymous_9)
FN:146,(anonymous_10)
FN:152,(anonymous_11)
FN:153,(anonymous_12)
FN:160,(anonymous_13)
FN:167,(anonymous_14)
FN:182,(anonymous_15)
FN:202,(anonymous_16)
FN:241,(anonymous_17)
FN:311,(anonymous_18)
FN:336,(anonymous_19)
FN:350,(anonymous_20)
FN:360,(anonymous_21)
FN:360,(anonymous_22)
FN:369,(anonymous_23)
FN:377,(anonymous_24)
FN:402,(anonymous_25)
FN:402,(anonymous_26)
FN:418,(anonymous_27)
FN:427,(anonymous_28)
FNF:29
FNH:0
FNDA:0,(anonymous_0)
FNDA:0,(anonymous_1)
FNDA:0,(anonymous_2)
FNDA:0,(anonymous_3)
FNDA:0,(anonymous_4)
FNDA:0,(anonymous_5)
FNDA:0,(anonymous_6)
FNDA:0,(anonymous_7)
FNDA:0,(anonymous_8)
FNDA:0,(anonymous_9)
FNDA:0,(anonymous_10)
FNDA:0,(anonymous_11)
FNDA:0,(anonymous_12)
FNDA:0,(anonymous_13)
FNDA:0,(anonymous_14)
FNDA:0,(anonymous_15)
FNDA:0,(anonymous_16)
FNDA:0,(anonymous_17)
FNDA:0,(anonymous_18)
FNDA:0,(anonymous_19)
FNDA:0,(anonymous_20)
FNDA:0,(anonymous_21)
FNDA:0,(anonymous_22)
FNDA:0,(anonymous_23)
FNDA:0,(anonymous_24)
FNDA:0,(anonymous_25)
FNDA:0,(anonymous_26)
FNDA:0,(anonymous_27)
FNDA:0,(anonymous_28)
DA:26,0
DA:34,0
DA:35,0
DA:36,0
DA:37,0
DA:38,0
DA:39,0
DA:44,0
DA:52,0
DA:60,0
DA:61,0
DA:65,0
DA:66,0
DA:71,0
DA:72,0
DA:73,0
DA:74,0
DA:75,0
DA:81,0
DA:82,0
DA:84,0
DA:85,0
DA:86,0
DA:91,0
DA:92,0
DA:98,0
DA:104,0
DA:105,0
DA:106,0
DA:107,0
DA:110,0
DA:111,0
DA:112,0
DA:116,0
DA:122,0
DA:124,0
DA:129,0
DA:130,0
DA:137,0
DA:138,0
DA:145,0
DA:146,0
DA:152,0
DA:153,0
DA:160,0
DA:161,0
DA:162,0
DA:163,0
DA:167,0
DA:168,0
DA:170,0
DA:171,0
DA:175,0
DA:177,0
DA:178,0
DA:182,0
DA:183,0
DA:185,0
DA:186,0
DA:187,0
DA:188,0
DA:189,0
DA:195,0
DA:196,0
DA:197,0
DA:202,0
DA:203,0
DA:205,0
DA:206,0
DA:207,0
DA:210,0
DA:212,0
DA:213,0
DA:227,0
DA:228,0
DA:229,0
DA:232,0
DA:234,0
DA:235,0
DA:237,0
DA:241,0
DA:242,0
DA:244,0
DA:245,0
DA:246,0
DA:248,0
DA:249,0
DA:250,0
DA:253,0
DA:255,0
DA:257,0
DA:272,0
DA:275,0
DA:279,0
DA:280,0
DA:281,0
DA:287,0
DA:288,0
DA:291,0
DA:293,0
DA:298,0
DA:299,0
DA:301,0
DA:304,0
DA:305,0
DA:307,0
DA:311,0
DA:312,0
DA:314,0
DA:315,0
DA:317,0
DA:318,0
DA:319,0
DA:322,0
DA:323,0
DA:334,0
DA:336,0
DA:342,0
DA:343,0
DA:345,0
DA:346,0
DA:350,0
DA:351,0
DA:353,0
DA:354,0
DA:358,0
DA:359,0
DA:360,0
DA:361,0
DA:364,0
DA:365,0
DA:369,0
DA:370,0
DA:371,0
DA:377,0
DA:378,0
DA:380,0
DA:381,0
DA:383,0
DA:384,0
DA:385,0
DA:388,0
DA:389,0
DA:393,0
DA:394,0
DA:402,0
DA:403,0
DA:408,0
DA:409,0
DA:410,0
DA:413,0
DA:414,0
DA:418,0
DA:419,0
DA:420,0
DA:423,0
DA:425,0
DA:427,0
LF:158
LH:0
BRDA:72,0,0,0
BRDA:73,1,0,0
BRDA:73,1,1,0
BRDA:73,2,0,0
BRDA:73,2,1,0
BRDA:76,3,0,0
BRDA:76,3,1,0
BRDA:161,4,0,0
BRDA:161,5,0,0
BRDA:161,5,1,0
BRDA:161,5,2,0
BRDA:163,6,0,0
BRDA:163,6,1,0
BRDA:168,7,0,0
BRDA:175,8,0,0
BRDA:175,8,1,0
BRDA:185,9,0,0
BRDA:185,10,0,0
BRDA:185,10,1,0
BRDA:187,11,0,0
BRDA:190,12,0,0
BRDA:190,12,1,0
BRDA:203,13,0,0
BRDA:205,14,0,0
BRDA:215,15,0,0
BRDA:215,15,1,0
BRDA:242,16,0,0
BRDA:242,17,0,0
BRDA:242,17,1,0
BRDA:248,18,0,0
BRDA:260,19,0,0
BRDA:260,19,1,0
BRDA:279,20,0,0
BRDA:287,21,0,0
BRDA:294,22,0,0
BRDA:294,22,1,0
BRDA:298,23,0,0
BRDA:312,24,0,0
BRDA:312,25,0,0
BRDA:312,25,1,0
BRDA:317,26,0,0
BRDA:317,27,0,0
BRDA:317,27,1,0
BRDA:351,28,0,0
BRDA:358,29,0,0
BRDA:378,30,0,0
BRDA:378,31,0,0
BRDA:378,31,1,0
BRDA:383,32,0,0
BRDA:383,33,0,0
BRDA:383,33,1,0
BRDA:393,34,0,0
BRDA:403,35,0,0
BRDA:403,35,1,0
BRDA:423,36,0,0
BRDA:430,37,0,0
BRDA:430,37,1,0
BRDA:430,38,0,0
BRDA:430,38,1,0
BRDA:431,39,0,0
BRDA:431,39,1,0
BRDA:431,39,2,0
BRDA:433,40,0,0
BRDA:433,40,1,0
BRDA:449,41,0,0
BRDA:449,41,1,0
BRDA:461,42,0,0
BRDA:461,42,1,0
BRDA:461,42,2,0
BRDA:472,43,0,0
BRDA:472,43,1,0
BRDA:472,43,2,0
BRF:72
BRH:0
end_of_record
TN:
SF:src/features/inventory/components/ProductRow.tsx
FN:11,(anonymous_0)
FN:17,(anonymous_1)
FN:44,(anonymous_2)
FN:57,(anonymous_3)
FNF:4
FNH:0
FNDA:0,(anonymous_0)
FNDA:0,(anonymous_1)
FNDA:0,(anonymous_2)
FNDA:0,(anonymous_3)
DA:11,0
DA:17,0
DA:18,0
DA:19,0
DA:22,0
DA:44,0
DA:57,0
LF:7
LH:0
BRDA:24,0,0,0
BRDA:24,0,1,0
BRDA:24,1,0,0
BRDA:24,1,1,0
BRDA:27,2,0,0
BRDA:27,2,1,0
BRDA:31,3,0,0
BRDA:31,3,1,0
BRDA:37,4,0,0
BRDA:37,4,1,0
BRDA:37,5,0,0
BRDA:37,5,1,0
BRF:12
BRH:0
end_of_record
TN:
SF:src/features/inventory/components/ProductsTable.tsx
FN:19,(anonymous_0)
FN:50,(anonymous_1)
FNF:2
FNH:0
FNDA:0,(anonymous_0)
FNDA:0,(anonymous_1)
DA:19,0
DA:29,0
DA:30,0
DA:40,0
DA:51,0
LF:5
LH:0
BRDA:29,0,0,0
BRF:1
BRH:0
end_of_record
TN:
SF:src/features/inventory/components/SearchControls.tsx
FN:14,(anonymous_0)
FN:30,(anonymous_1)
FN:52,(anonymous_2)
FNF:3
FNH:0
FNDA:0,(anonymous_0)
FNDA:0,(anonymous_1)
FNDA:0,(anonymous_2)
DA:14,0
DA:23,0
DA:30,0
DA:52,0
LF:4
LH:0
BRF:0
BRH:0
end_of_record
TN:
SF:src/features/inventory/components/TableHeader.tsx
FN:11,(anonymous_0)
FN:17,(anonymous_1)
FN:27,(anonymous_2)
FN:33,(anonymous_3)
FN:39,(anonymous_4)
FN:45,(anonymous_5)
FNF:6
FNH:0
FNDA:0,(anonymous_0)
FNDA:0,(anonymous_1)
FNDA:0,(anonymous_2)
FNDA:0,(anonymous_3)
FNDA:0,(anonymous_4)
FNDA:0,(anonymous_5)
DA:11,0
DA:17,0
DA:18,0
DA:19,0
DA:22,0
DA:27,0
DA:33,0
DA:39,0
DA:45,0
LF:9
LH:0
BRDA:18,0,0,0
BRDA:19,1,0,0
BRDA:19,1,1,0
BRF:3
BRH:0
end_of_record
TN:
SF:src/features/inventory/components/Modal/CombosTab.tsx
FN:5,(anonymous_0)
FN:20,(anonymous_1)
FN:50,(anonymous_2)
FN:53,(anonymous_3)
FN:61,(anonymous_4)
FN:75,(anonymous_5)
FN:108,(anonymous_6)
FN:131,(anonymous_7)
FN:141,(anonymous_8)
FNF:9
FNH:0
FNDA:0,(anonymous_0)
FNDA:0,(anonymous_1)
FNDA:0,(anonymous_2)
FNDA:0,(anonymous_3)
FNDA:0,(anonymous_4)
FNDA:0,(anonymous_5)
FNDA:0,(anonymous_6)
FNDA:0,(anonymous_7)
FNDA:0,(anonymous_8)
DA:5,0
DA:20,0
DA:21,0
DA:22,0
DA:23,0
DA:26,0
DA:27,0
DA:29,0
DA:51,0
DA:53,0
DA:61,0
DA:75,0
DA:108,0
DA:131,0
DA:141,0
LF:15
LH:0
BRDA:21,0,0,0
BRDA:21,1,0,0
BRDA:21,1,1,0
BRDA:21,1,2,0
BRDA:23,2,0,0
BRDA:23,2,1,0
BRDA:26,3,0,0
BRDA:26,3,1,0
BRDA:27,4,0,0
BRDA:27,4,1,0
BRDA:33,5,0,0
BRDA:33,5,1,0
BRDA:57,6,0,0
BRDA:57,6,1,0
BRDA:71,7,0,0
BRDA:71,7,1,0
BRDA:89,8,0,0
BRDA:89,8,1,0
BRF:18
BRH:0
end_of_record
TN:
SF:src/features/inventory/components/Modal/GeneralInfoTab.tsx
FN:5,(anonymous_0)
FN:20,(anonymous_1)
FN:30,(anonymous_2)
FN:41,(anonymous_3)
FN:52,(anonymous_4)
FNF:5
FNH:0
FNDA:0,(anonymous_0)
FNDA:0,(anonymous_1)
FNDA:0,(anonymous_2)
FNDA:0,(anonymous_3)
FNDA:0,(anonymous_4)
DA:5,0
DA:13,0
DA:20,0
DA:30,0
DA:41,0
DA:52,0
LF:6
LH:0
BRDA:62,0,0,0
BRDA:62,0,1,0
BRDA:64,1,0,0
BRDA:64,1,1,0
BRDA:64,2,0,0
BRDA:64,2,1,0
BRF:6
BRH:0
end_of_record
TN:
SF:src/features/inventory/components/Modal/StockAdjustmentTab.tsx
FN:5,(anonymous_0)
FN:13,(anonymous_1)
FN:20,(anonymous_2)
FN:49,(anonymous_3)
FN:61,(anonymous_4)
FN:73,(anonymous_5)
FN:85,(anonymous_6)
FNF:7
FNH:0
FNDA:0,(anonymous_0)
FNDA:0,(anonymous_1)
FNDA:0,(anonymous_2)
FNDA:0,(anonymous_3)
FNDA:0,(anonymous_4)
FNDA:0,(anonymous_5)
FNDA:0,(anonymous_6)
DA:5,0
DA:13,0
DA:14,0
DA:15,0
DA:16,0
DA:20,0
DA:21,0
DA:22,0
DA:23,0
DA:26,0
DA:29,0
DA:49,0
DA:61,0
DA:73,0
DA:85,0
LF:15
LH:0
BRDA:14,0,0,0
BRDA:14,1,0,0
BRDA:14,1,1,0
BRDA:14,1,2,0
BRDA:16,2,0,0
BRDA:16,2,1,0
BRDA:21,3,0,0
BRDA:26,4,0,0
BRDA:26,4,1,0
BRDA:51,5,0,0
BRDA:51,5,1,0
BRDA:99,6,0,0
BRDA:99,6,1,0
BRDA:101,7,0,0
BRDA:101,7,1,0
BRF:15
BRH:0
end_of_record
TN:
SF:src/features/inventory/components/Modal/TabNavigation.tsx
FN:5,(anonymous_0)
FN:14,(anonymous_1)
FN:20,(anonymous_2)
FN:27,(anonymous_3)
FNF:4
FNH:0
FNDA:0,(anonymous_0)
FNDA:0,(anonymous_1)
FNDA:0,(anonymous_2)
FNDA:0,(anonymous_3)
DA:5,0
DA:10,0
DA:14,0
DA:20,0
DA:27,0
LF:5
LH:0
BRDA:13,0,0,0
BRDA:13,0,1,0
BRDA:19,1,0,0
BRDA:19,1,1,0
BRDA:26,2,0,0
BRDA:26,2,1,0
BRF:6
BRH:0
end_of_record
TN:
SF:src/features/inventory/hooks/useInventoryData.ts
FN:6,(anonymous_0)
FN:23,(anonymous_1)
FN:38,(anonymous_2)
FN:49,(anonymous_3)
FN:56,(anonymous_4)
FN:61,(anonymous_5)
FN:67,(anonymous_6)
FN:77,(anonymous_7)
FN:80,(anonymous_8)
FN:89,(anonymous_9)
FN:110,(anonymous_10)
FN:111,(anonymous_11)
FNF:12
FNH:0
FNDA:0,(anonymous_0)
FNDA:0,(anonymous_1)
FNDA:0,(anonymous_2)
FNDA:0,(anonymous_3)
FNDA:0,(anonymous_4)
FNDA:0,(anonymous_5)
FNDA:0,(anonymous_6)
FNDA:0,(anonymous_7)
FNDA:0,(anonymous_8)
FNDA:0,(anonymous_9)
FNDA:0,(anonymous_10)
FNDA:0,(anonymous_11)
DA:6,0
DA:8,0
DA:9,0
DA:10,0
DA:13,0
DA:14,0
DA:15,0
DA:16,0
DA:19,0
DA:20,0
DA:23,0
DA:24,0
DA:26,0
DA:27,0
DA:28,0
DA:31,0
DA:32,0
DA:34,0
DA:37,0
DA:38,0
DA:39,0
DA:41,0
DA:42,0
DA:44,0
DA:49,0
DA:50,0
DA:51,0
DA:56,0
DA:57,0
DA:60,0
DA:61,0
DA:65,0
DA:66,0
DA:67,0
DA:68,0
DA:73,0
DA:77,0
DA:78,0
DA:80,0
DA:83,0
DA:84,0
DA:89,0
DA:90,0
DA:92,0
DA:93,0
DA:97,0
DA:98,0
DA:105,0
DA:110,0
DA:111,0
DA:112,0
DA:119,0
DA:120,0
DA:124,0
LF:54
LH:0
BRDA:24,0,0,0
BRDA:31,1,0,0
BRDA:31,1,1,0
BRDA:50,2,0,0
BRDA:60,3,0,0
BRDA:65,4,0,0
BRDA:68,5,0,0
BRDA:68,5,1,0
BRDA:78,6,0,0
BRDA:78,6,1,0
BRDA:80,7,0,0
BRDA:80,7,1,0
BRDA:90,8,0,0
BRDA:97,9,0,0
BRDA:106,10,0,0
BRDA:106,10,1,0
BRDA:112,11,0,0
BRDA:112,11,1,0
BRF:18
BRH:0
end_of_record
TN:
SF:src/features/reports/components/DateRangePicker.tsx
FN:8,(anonymous_0)
FN:45,(anonymous_1)
FN:51,(anonymous_2)
FN:56,(anonymous_3)
FN:65,(anonymous_4)
FN:77,(anonymous_5)
FN:102,(anonymous_6)
FN:111,(anonymous_7)
FN:146,(anonymous_8)
FN:157,(anonymous_9)
FNF:10
FNH:0
FNDA:0,(anonymous_0)
FNDA:0,(anonymous_1)
FNDA:0,(anonymous_2)
FNDA:0,(anonymous_3)
FNDA:0,(anonymous_4)
FNDA:0,(anonymous_5)
FNDA:0,(anonymous_6)
FNDA:0,(anonymous_7)
FNDA:0,(anonymous_8)
FNDA:0,(anonymous_9)
DA:8,0
DA:9,0
DA:18,0
DA:45,0
DA:46,0
DA:47,0
DA:48,0
DA:49,0
DA:51,0
DA:52,0
DA:53,0
DA:56,0
DA:58,0
DA:59,0
DA:60,0
DA:61,0
DA:62,0
DA:65,0
DA:66,0
DA:67,0
DA:68,0
DA:70,0
DA:71,0
DA:72,0
DA:77,0
DA:78,0
DA:79,0
DA:80,0
DA:83,0
DA:103,0
DA:104,0
DA:106,0
DA:111,0
DA:146,0
DA:157,0
LF:35
LH:0
BRDA:66,0,0,0
BRDA:66,1,0,0
BRDA:66,1,1,0
BRDA:70,2,0,0
BRDA:84,3,0,0
BRDA:84,3,1,0
BRDA:92,4,0,0
BRDA:92,4,1,0
BRDA:110,5,0,0
BRDA:110,5,1,0
BRDA:123,6,0,0
BRDA:123,6,1,0
BRDA:133,7,0,0
BRDA:133,7,1,0
BRDA:176,8,0,0
BRDA:176,8,1,0
BRF:16
BRH:0
end_of_record
TN:
SF:src/features/reports/components/KPICard.tsx
FN:6,(anonymous_0)
FN:13,(anonymous_1)
FN:20,(anonymous_2)
FN:26,(anonymous_3)
FN:32,(anonymous_4)
FN:39,(anonymous_5)
FN:66,(anonymous_6)
FN:76,(anonymous_7)
FN:93,(anonymous_8)
FN:140,(anonymous_9)
FNF:10
FNH:0
FNDA:0,(anonymous_0)
FNDA:0,(anonymous_1)
FNDA:0,(anonymous_2)
FNDA:0,(anonymous_3)
FNDA:0,(anonymous_4)
FNDA:0,(anonymous_5)
FNDA:0,(anonymous_6)
FNDA:0,(anonymous_7)
FNDA:0,(anonymous_8)
FNDA:0,(anonymous_9)
DA:6,0
DA:7,0
DA:13,0
DA:14,0
DA:20,0
DA:21,0
DA:26,0
DA:27,0
DA:32,0
DA:33,0
DA:39,0
DA:40,0
DA:66,0
DA:76,0
DA:77,0
DA:79,0
DA:81,0
DA:83,0
DA:85,0
DA:87,0
DA:89,0
DA:93,0
DA:94,0
DA:96,0
DA:98,0
DA:100,0
DA:102,0
DA:106,0
DA:141,0
LF:29
LH:0
BRDA:77,0,0,0
BRDA:79,1,0,0
BRDA:79,1,1,0
BRDA:79,1,2,0
BRDA:79,1,3,0
BRDA:79,1,4,0
BRDA:94,2,0,0
BRDA:94,2,1,0
BRDA:94,2,2,0
BRDA:94,2,3,0
BRDA:107,3,0,0
BRDA:107,3,1,0
BRDA:116,4,0,0
BRDA:116,4,1,0
BRDA:117,5,0,0
BRDA:117,5,1,0
BRDA:119,6,0,0
BRDA:119,6,1,0
BRDA:124,7,0,0
BRDA:124,7,1,0
BRDA:131,8,0,0
BRDA:131,8,1,0
BRDA:138,9,0,0
BRDA:138,9,1,0
BRDA:138,9,2,0
BRDA:147,10,0,0
BRDA:147,10,1,0
BRDA:148,11,0,0
BRDA:148,11,1,0
BRDA:158,12,0,0
BRDA:158,12,1,0
BRDA:158,12,2,0
BRDA:172,13,0,0
BRDA:172,13,1,0
BRDA:172,13,2,0
BRF:35
BRH:0
end_of_record
TN:
SF:src/features/reports/components/KPICards.tsx
FN:7,(anonymous_0)
FN:15,(anonymous_1)
FN:22,(anonymous_2)
FN:31,(anonymous_3)
FN:61,(anonymous_4)
FN:74,(anonymous_5)
FN:110,(anonymous_6)
FN:123,(anonymous_7)
FN:156,(anonymous_8)
FNF:9
FNH:0
FNDA:0,(anonymous_0)
FNDA:0,(anonymous_1)
FNDA:0,(anonymous_2)
FNDA:0,(anonymous_3)
FNDA:0,(anonymous_4)
FNDA:0,(anonymous_5)
FNDA:0,(anonymous_6)
FNDA:0,(anonymous_7)
FNDA:0,(anonymous_8)
DA:7,0
DA:8,0
DA:15,0
DA:16,0
DA:22,0
DA:23,0
DA:31,0
DA:32,0
DA:33,0
DA:35,0
DA:53,0
DA:61,0
DA:74,0
DA:75,0
DA:76,0
DA:78,0
DA:102,0
DA:110,0
DA:123,0
DA:124,0
DA:125,0
DA:127,0
DA:148,0
DA:156,0
LF:24
LH:0
BRDA:64,0,0,0
BRDA:64,0,1,0
BRDA:93,1,0,0
BRDA:93,1,1,0
BRDA:93,2,0,0
BRDA:93,2,1,0
BRDA:113,3,0,0
BRDA:113,3,1,0
BRDA:144,4,0,0
BRDA:144,4,1,0
BRDA:144,5,0,0
BRDA:144,5,1,0
BRDA:159,6,0,0
BRDA:159,6,1,0
BRF:14
BRH:0
end_of_record
TN:
SF:src/features/reports/components/ReportGlobalChart.tsx
FN:17,(anonymous_0)
FN:51,(anonymous_1)
FN:61,(anonymous_2)
FN:134,(anonymous_3)
FNF:4
FNH:0
FNDA:0,(anonymous_0)
FNDA:0,(anonymous_1)
FNDA:0,(anonymous_2)
FNDA:0,(anonymous_3)
DA:17,0
DA:18,0
DA:20,0
DA:21,0
DA:34,0
DA:35,0
DA:51,0
DA:61,0
DA:62,0
DA:63,0
DA:64,0
DA:65,0
DA:66,0
DA:68,0
DA:90,0
DA:93,0
DA:134,0
LF:17
LH:0
BRDA:20,0,0,0
BRDA:34,1,0,0
BRDA:62,2,0,0
BRDA:62,3,0,0
BRDA:62,3,1,0
BRDA:62,3,2,0
BRDA:63,4,0,0
BRDA:63,4,1,0
BRDA:64,5,0,0
BRDA:64,5,1,0
BRDA:66,6,0,0
BRDA:66,6,1,0
BRDA:82,7,0,0
BRDA:82,7,1,0
BRDA:83,8,0,0
BRDA:83,8,1,0
BRDA:108,9,0,0
BRDA:108,9,1,0
BRDA:114,10,0,0
BRDA:114,10,1,0
BRF:20
BRH:0
end_of_record
TN:
SF:src/features/reports/components/ReportsPage.tsx
FN:17,(anonymous_0)
FN:18,(anonymous_1)
FN:42,(anonymous_2)
FN:57,(anonymous_3)
FN:60,(anonymous_4)
FN:88,(anonymous_5)
FN:156,(anonymous_6)
FNF:7
FNH:0
FNDA:0,(anonymous_0)
FNDA:0,(anonymous_1)
FNDA:0,(anonymous_2)
FNDA:0,(anonymous_3)
FNDA:0,(anonymous_4)
FNDA:0,(anonymous_5)
FNDA:0,(anonymous_6)
DA:17,0
DA:18,0
DA:19,0
DA:22,0
DA:33,0
DA:43,0
DA:44,0
DA:45,0
DA:57,0
DA:58,0
DA:60,0
DA:61,0
DA:64,0
DA:88,0
DA:156,0
DA:157,0
LF:16
LH:0
BRDA:35,0,0,0
BRDA:35,0,1,0
BRDA:37,1,0,0
BRDA:37,1,1,0
BRDA:43,2,0,0
BRDA:43,3,0,0
BRDA:43,3,1,0
BRDA:48,4,0,0
BRDA:48,4,1,0
BRDA:50,5,0,0
BRDA:50,5,1,0
BRDA:51,6,0,0
BRDA:51,6,1,0
BRDA:52,7,0,0
BRDA:52,7,1,0
BRDA:61,8,0,0
BRDA:61,8,1,0
BRDA:75,9,0,0
BRDA:75,9,1,0
BRF:19
BRH:0
end_of_record
TN:
SF:src/features/sales/components/PaymentView.tsx
FN:13,(anonymous_0)
FN:64,(anonymous_1)
FN:92,(anonymous_2)
FN:99,(anonymous_3)
FN:111,(anonymous_4)
FNF:5
FNH:0
FNDA:0,(anonymous_0)
FNDA:0,(anonymous_1)
FNDA:0,(anonymous_2)
FNDA:0,(anonymous_3)
FNDA:0,(anonymous_4)
DA:13,0
DA:31,0
DA:33,0
DA:35,0
DA:64,0
DA:93,0
DA:94,0
DA:100,0
DA:111,0
LF:9
LH:0
BRDA:33,0,0,0
BRDA:33,0,1,0
BRDA:71,1,0,0
BRDA:71,1,1,0
BRDA:72,2,0,0
BRDA:72,2,1,0
BRDA:73,3,0,0
BRDA:73,3,1,0
BRDA:106,4,0,0
BRDA:106,4,1,0
BRDA:106,4,2,0
BRDA:125,5,0,0
BRDA:125,5,1,0
BRDA:125,5,2,0
BRDA:127,6,0,0
BRDA:127,6,1,0
BRF:16
BRH:0
end_of_record
TN:
SF:src/features/sales/components/SaleItemsTable.tsx
FN:11,(anonymous_0)
FN:51,(anonymous_1)
FN:60,(anonymous_2)
FN:61,(anonymous_3)
FN:62,(anonymous_4)
FN:72,(anonymous_5)
FN:73,(anonymous_6)
FN:74,(anonymous_7)
FN:82,(anonymous_8)
FNF:9
FNH:0
FNDA:0,(anonymous_0)
FNDA:0,(anonymous_1)
FNDA:0,(anonymous_2)
FNDA:0,(anonymous_3)
FNDA:0,(anonymous_4)
FNDA:0,(anonymous_5)
FNDA:0,(anonymous_6)
FNDA:0,(anonymous_7)
FNDA:0,(anonymous_8)
DA:11,0
DA:25,0
DA:27,0
DA:28,0
DA:38,0
DA:52,0
DA:60,0
DA:61,0
DA:62,0
DA:72,0
DA:73,0
DA:74,0
DA:82,0
LF:13
LH:0
BRDA:27,0,0,0
BRDA:59,1,0,0
BRDA:59,1,1,0
BRDA:64,2,0,0
BRDA:64,2,1,0
BRDA:71,3,0,0
BRDA:71,3,1,0
BRF:7
BRH:0
end_of_record
TN:
SF:src/features/sales/components/SaleSummary.tsx
FN:11,(anonymous_0)
FN:17,(anonymous_1)
FN:18,(anonymous_2)
FNF:3
FNH:0
FNDA:0,(anonymous_0)
FNDA:0,(anonymous_1)
FNDA:0,(anonymous_2)
DA:11,0
DA:17,0
DA:18,0
DA:19,0
DA:20,0
DA:22,0
DA:25,0
DA:27,0
DA:28,0
DA:31,0
LF:10
LH:0
BRDA:27,0,0,0
BRF:1
BRH:0
end_of_record
TN:
SF:src/features/sales/components/SalesScreen.tsx
FN:10,(anonymous_0)
FNF:1
FNH:0
FNDA:0,(anonymous_0)
DA:10,0
DA:19,0
DA:21,0
DA:23,0
LF:4
LH:0
BRDA:30,0,0,0
BRDA:30,0,1,0
BRF:2
BRH:0
end_of_record
TN:
SF:src/features/sales/components/SearchBar.tsx
FN:13,(anonymous_0)
FN:40,(anonymous_1)
FNF:2
FNH:0
FNDA:0,(anonymous_0)
FNDA:0,(anonymous_1)
DA:13,0
DA:31,0
DA:33,0
DA:40,0
LF:4
LH:0
BRDA:47,0,0,0
BRDA:47,0,1,0
BRDA:48,1,0,0
BRDA:48,1,1,0
BRDA:48,1,2,0
BRDA:76,2,0,0
BRDA:76,2,1,0
BRF:7
BRH:0
end_of_record
TN:
SF:src/features/sales/components/SearchResults.tsx
FN:13,(anonymous_0)
FN:20,(anonymous_1)
FN:24,(anonymous_2)
FNF:3
FNH:0
FNDA:0,(anonymous_0)
FNDA:0,(anonymous_1)
FNDA:0,(anonymous_2)
DA:12,0
DA:14,0
DA:15,0
DA:18,0
DA:21,0
DA:24,0
DA:36,0
LF:7
LH:0
BRDA:14,0,0,0
BRDA:14,1,0,0
BRDA:14,1,1,0
BRDA:23,2,0,0
BRDA:23,2,1,0
BRF:5
BRH:0
end_of_record
TN:
SF:src/features/sales/hooks/usePaymentLogic.ts
FN:30,(anonymous_0)
FN:51,(anonymous_1)
FN:52,(anonymous_2)
FN:58,(anonymous_3)
FN:69,(anonymous_4)
FN:76,(anonymous_5)
FNF:6
FNH:0
FNDA:0,(anonymous_0)
FNDA:0,(anonymous_1)
FNDA:0,(anonymous_2)
FNDA:0,(anonymous_3)
FNDA:0,(anonymous_4)
FNDA:0,(anonymous_5)
DA:30,0
DA:36,0
DA:37,0
DA:38,0
DA:39,0
DA:40,0
DA:43,0
DA:44,0
DA:45,0
DA:48,0
DA:51,0
DA:52,0
DA:53,0
DA:54,0
DA:58,0
DA:59,0
DA:61,0
DA:65,0
DA:69,0
DA:72,0
DA:73,0
DA:76,0
DA:77,0
DA:78,0
DA:79,0
DA:82,0
DA:85,0
DA:86,0
DA:87,0
DA:90,0
DA:91,0
DA:92,0
DA:95,0
DA:96,0
DA:97,0
DA:100,0
DA:102,0
DA:104,0
DA:105,0
DA:106,0
DA:110,0
DA:123,0
DA:126,0
DA:127,0
DA:128,0
DA:129,0
DA:131,0
DA:142,0
DA:146,0
DA:147,0
DA:149,0
DA:150,0
DA:159,0
DA:162,0
DA:163,0
DA:174,0
DA:180,0
DA:181,0
DA:182,0
DA:184,0
DA:185,0
DA:189,0
DA:192,0
DA:196,0
DA:199,0
DA:200,0
DA:202,0
DA:206,0
LF:68
LH:0
BRDA:72,0,0,0
BRDA:72,0,1,0
BRDA:77,1,0,0
BRDA:82,2,0,0
BRDA:82,2,1,0
BRDA:85,3,0,0
BRDA:85,4,0,0
BRDA:85,4,1,0
BRDA:90,5,0,0
BRDA:90,6,0,0
BRDA:90,6,1,0
BRDA:95,7,0,0
BRDA:95,8,0,0
BRDA:95,8,1,0
BRDA:95,8,2,0
BRDA:104,9,0,0
BRDA:146,10,0,0
BRDA:146,11,0,0
BRDA:146,11,1,0
BRDA:149,12,0,0
BRDA:162,13,0,0
BRDA:180,14,0,0
BRDA:180,14,1,0
BRDA:184,15,0,0
BRDA:184,15,1,0
BRF:25
BRH:0
end_of_record
TN:
SF:src/features/sales/hooks/useProductSearch.ts
FN:35,(anonymous_0)
FN:57,(anonymous_1)
FN:65,(anonymous_2)
FN:66,(anonymous_3)
FN:83,(anonymous_4)
FN:89,(anonymous_5)
FN:137,(anonymous_6)
FN:138,(anonymous_7)
FN:142,(anonymous_8)
FN:146,(anonymous_9)
FN:179,(anonymous_10)
FN:180,(anonymous_11)
FN:191,(anonymous_12)
FN:202,(anonymous_13)
FN:212,(anonymous_14)
FN:216,(anonymous_15)
FN:224,(anonymous_16)
FN:229,(anonymous_17)
FN:247,(anonymous_18)
FN:261,(anonymous_19)
FN:269,(anonymous_20)
FN:286,(anonymous_21)
FN:300,(anonymous_22)
FNF:23
FNH:0
FNDA:0,(anonymous_0)
FNDA:0,(anonymous_1)
FNDA:0,(anonymous_2)
FNDA:0,(anonymous_3)
FNDA:0,(anonymous_4)
FNDA:0,(anonymous_5)
FNDA:0,(anonymous_6)
FNDA:0,(anonymous_7)
FNDA:0,(anonymous_8)
FNDA:0,(anonymous_9)
FNDA:0,(anonymous_10)
FNDA:0,(anonymous_11)
FNDA:0,(anonymous_12)
FNDA:0,(anonymous_13)
FNDA:0,(anonymous_14)
FNDA:0,(anonymous_15)
FNDA:0,(anonymous_16)
FNDA:0,(anonymous_17)
FNDA:0,(anonymous_18)
FNDA:0,(anonymous_19)
FNDA:0,(anonymous_20)
FNDA:0,(anonymous_21)
FNDA:0,(anonymous_22)
DA:31,0
DA:32,0
DA:33,0
DA:35,0
DA:37,0
DA:38,0
DA:39,0
DA:40,0
DA:41,0
DA:42,0
DA:43,0
DA:46,0
DA:47,0
DA:48,0
DA:49,0
DA:50,0
DA:53,0
DA:54,0
DA:57,0
DA:58,0
DA:59,0
DA:60,0
DA:65,0
DA:66,0
DA:67,0
DA:70,0
DA:76,0
DA:77,0
DA:81,0
DA:83,0
DA:84,0
DA:89,0
DA:90,0
DA:91,0
DA:92,0
DA:93,0
DA:94,0
DA:95,0
DA:96,0
DA:100,0
DA:101,0
DA:102,0
DA:105,0
DA:106,0
DA:107,0
DA:124,0
DA:125,0
DA:127,0
DA:128,0
DA:129,0
DA:130,0
DA:132,0
DA:137,0
DA:138,0
DA:139,0
DA:142,0
DA:146,0
DA:147,0
DA:148,0
DA:166,0
DA:167,0
DA:168,0
DA:170,0
DA:173,0
DA:174,0
DA:179,0
DA:180,0
DA:181,0
DA:183,0
DA:185,0
DA:186,0
DA:187,0
DA:191,0
DA:192,0
DA:194,0
DA:196,0
DA:199,0
DA:202,0
DA:203,0
DA:209,0
DA:212,0
DA:216,0
DA:217,0
DA:218,0
DA:219,0
DA:224,0
DA:229,0
DA:230,0
DA:232,0
DA:233,0
DA:236,0
DA:237,0
DA:238,0
DA:242,0
DA:243,0
DA:244,0
DA:246,0
DA:247,0
DA:248,0
DA:250,0
DA:253,0
DA:254,0
DA:258,0
DA:259,0
DA:260,0
DA:261,0
DA:263,0
DA:266,0
DA:267,0
DA:268,0
DA:269,0
DA:271,0
DA:275,0
DA:278,0
DA:279,0
DA:282,0
DA:286,0
DA:287,0
DA:288,0
DA:289,0
DA:290,0
DA:292,0
DA:293,0
DA:294,0
DA:295,0
DA:300,0
DA:301,0
DA:302,0
DA:303,0
DA:304,0
DA:305,0
DA:306,0
DA:310,0
LF:133
LH:0
BRDA:58,0,0,0
BRDA:70,1,0,0
BRDA:71,2,0,0
BRDA:71,2,1,0
BRDA:71,2,2,0
BRDA:71,2,3,0
BRDA:90,3,0,0
BRDA:100,4,0,0
BRDA:166,5,0,0
BRDA:166,5,1,0
BRDA:183,6,0,0
BRDA:194,7,0,0
BRDA:194,8,0,0
BRDA:194,8,1,0
BRDA:218,9,0,0
BRDA:218,10,0,0
BRDA:218,10,1,0
BRDA:232,11,0,0
BRDA:236,12,0,0
BRDA:243,13,0,0
BRDA:243,14,0,0
BRDA:243,14,1,0
BRDA:258,15,0,0
BRDA:260,16,0,0
BRDA:266,17,0,0
BRDA:268,18,0,0
BRDA:278,19,0,0
BRDA:287,20,0,0
BRDA:287,20,1,0
BRDA:287,21,0,0
BRDA:287,21,1,0
BRDA:287,21,2,0
BRDA:290,22,0,0
BRDA:290,22,1,0
BRDA:294,23,0,0
BRDA:304,24,0,0
BRF:36
BRH:0
end_of_record
TN:
SF:src/features/sales/hooks/useSaleItemsLogic.ts
FN:26,(anonymous_0)
FN:39,(anonymous_1)
FN:45,(anonymous_2)
FN:52,(anonymous_3)
FN:53,(anonymous_4)
FN:54,(anonymous_5)
FN:80,(anonymous_6)
FN:81,(anonymous_7)
FN:82,(anonymous_8)
FN:108,(anonymous_9)
FN:109,(anonymous_10)
FN:109,(anonymous_11)
FN:114,(anonymous_12)
FN:115,(anonymous_13)
FN:122,(anonymous_14)
FN:128,(anonymous_15)
FN:136,(anonymous_16)
FN:137,(anonymous_17)
FN:144,(anonymous_18)
FN:145,(anonymous_19)
FN:152,(anonymous_20)
FN:158,(anonymous_21)
FN:166,(anonymous_22)
FN:167,(anonymous_23)
FNF:24
FNH:0
FNDA:0,(anonymous_0)
FNDA:0,(anonymous_1)
FNDA:0,(anonymous_2)
FNDA:0,(anonymous_3)
FNDA:0,(anonymous_4)
FNDA:0,(anonymous_5)
FNDA:0,(anonymous_6)
FNDA:0,(anonymous_7)
FNDA:0,(anonymous_8)
FNDA:0,(anonymous_9)
FNDA:0,(anonymous_10)
FNDA:0,(anonymous_11)
FNDA:0,(anonymous_12)
FNDA:0,(anonymous_13)
FNDA:0,(anonymous_14)
FNDA:0,(anonymous_15)
FNDA:0,(anonymous_16)
FNDA:0,(anonymous_17)
FNDA:0,(anonymous_18)
FNDA:0,(anonymous_19)
FNDA:0,(anonymous_20)
FNDA:0,(anonymous_21)
FNDA:0,(anonymous_22)
FNDA:0,(anonymous_23)
DA:24,0
DA:26,0
DA:30,0
DA:31,0
DA:34,0
DA:36,0
DA:39,0
DA:40,0
DA:41,0
DA:42,0
DA:45,0
DA:46,0
DA:52,0
DA:53,0
DA:54,0
DA:55,0
DA:56,0
DA:59,0
DA:60,0
DA:61,0
DA:64,0
DA:65,0
DA:68,0
DA:74,0
DA:80,0
DA:81,0
DA:82,0
DA:83,0
DA:84,0
DA:85,0
DA:88,0
DA:91,0
DA:92,0
DA:93,0
DA:96,0
DA:102,0
DA:108,0
DA:109,0
DA:110,0
DA:114,0
DA:115,0
DA:122,0
DA:123,0
DA:124,0
DA:125,0
DA:128,0
DA:129,0
DA:130,0
DA:131,0
DA:136,0
DA:137,0
DA:144,0
DA:145,0
DA:152,0
DA:153,0
DA:154,0
DA:155,0
DA:158,0
DA:159,0
DA:160,0
DA:161,0
DA:166,0
DA:167,0
DA:173,0
LF:64
LH:0
BRDA:40,0,0,0
BRDA:55,1,0,0
BRDA:59,2,0,0
BRDA:59,3,0,0
BRDA:59,3,1,0
BRDA:64,4,0,0
BRDA:83,5,0,0
BRDA:84,6,0,0
BRDA:91,7,0,0
BRDA:91,8,0,0
BRDA:91,8,1,0
BRDA:124,9,0,0
BRDA:124,10,0,0
BRDA:124,10,1,0
BRDA:154,11,0,0
BRDA:154,12,0,0
BRDA:154,12,1,0
BRF:17
BRH:0
end_of_record
TN:
SF:src/features/sales/hooks/useSalesLogic.ts
FN:22,(anonymous_0)
FN:36,(anonymous_1)
FN:37,(anonymous_2)
FN:38,(anonymous_3)
FN:73,(anonymous_4)
FN:74,(anonymous_5)
FN:82,(anonymous_6)
FN:92,(anonymous_7)
FN:97,(anonymous_8)
FNF:9
FNH:0
FNDA:0,(anonymous_0)
FNDA:0,(anonymous_1)
FNDA:0,(anonymous_2)
FNDA:0,(anonymous_3)
FNDA:0,(anonymous_4)
FNDA:0,(anonymous_5)
FNDA:0,(anonymous_6)
FNDA:0,(anonymous_7)
FNDA:0,(anonymous_8)
DA:22,0
DA:28,0
DA:31,0
DA:33,0
DA:36,0
DA:37,0
DA:38,0
DA:40,0
DA:42,0
DA:43,0
DA:44,0
DA:46,0
DA:52,0
DA:55,0
DA:65,0
DA:69,0
DA:73,0
DA:74,0
DA:75,0
DA:76,0
DA:78,0
DA:82,0
DA:83,0
DA:84,0
DA:85,0
DA:88,0
DA:92,0
DA:93,0
DA:97,0
DA:98,0
DA:99,0
DA:102,0
LF:32
LH:0
BRDA:40,0,0,0
BRDA:40,0,1,0
BRDA:57,1,0,0
BRDA:57,1,1,0
BRDA:83,2,0,0
BRF:5
BRH:0
end_of_record
TN:
SF:src/features/settings/components/CreateUserModal.tsx
FN:11,(anonymous_0)
FN:25,(anonymous_1)
FN:26,(anonymous_2)
FN:32,(anonymous_3)
FN:87,(anonymous_4)
FN:122,(anonymous_5)
FN:141,(anonymous_6)
FN:156,(anonymous_7)
FN:170,(anonymous_8)
FNF:9
FNH:0
FNDA:0,(anonymous_0)
FNDA:0,(anonymous_1)
FNDA:0,(anonymous_2)
FNDA:0,(anonymous_3)
FNDA:0,(anonymous_4)
FNDA:0,(anonymous_5)
FNDA:0,(anonymous_6)
FNDA:0,(anonymous_7)
FNDA:0,(anonymous_8)
DA:11,0
DA:16,0
DA:17,0
DA:18,0
DA:25,0
DA:26,0
DA:32,0
DA:33,0
DA:36,0
DA:37,0
DA:38,0
DA:41,0
DA:42,0
DA:43,0
DA:46,0
DA:47,0
DA:48,0
DA:51,0
DA:52,0
DA:53,0
DA:56,0
DA:57,0
DA:58,0
DA:61,0
DA:63,0
DA:64,0
DA:70,0
DA:72,0
DA:78,0
DA:81,0
DA:83,0
DA:87,0
DA:89,0
DA:95,0
DA:98,0
DA:100,0
DA:122,0
DA:141,0
DA:156,0
DA:170,0
LF:40
LH:0
BRDA:36,0,0,0
BRDA:41,1,0,0
BRDA:46,2,0,0
BRDA:51,3,0,0
BRDA:56,4,0,0
BRDA:70,5,0,0
BRDA:98,6,0,0
BRDA:197,7,0,0
BRDA:197,7,1,0
BRF:9
BRH:0
end_of_record
TN:
SF:src/features/settings/components/SettingsScreen.tsx
FN:7,(anonymous_0)
FN:21,(anonymous_1)
FN:27,(anonymous_2)
FN:32,(anonymous_3)
FN:33,(anonymous_4)
FN:39,(anonymous_5)
FN:80,(anonymous_6)
FN:87,(anonymous_7)
FN:91,(anonymous_8)
FN:128,(anonymous_9)
FN:141,(anonymous_10)
FN:155,(anonymous_11)
FN:185,(anonymous_12)
FN:206,(anonymous_13)
FN:238,(anonymous_14)
FNF:15
FNH:0
FNDA:0,(anonymous_0)
FNDA:0,(anonymous_1)
FNDA:0,(anonymous_2)
FNDA:0,(anonymous_3)
FNDA:0,(anonymous_4)
FNDA:0,(anonymous_5)
FNDA:0,(anonymous_6)
FNDA:0,(anonymous_7)
FNDA:0,(anonymous_8)
FNDA:0,(anonymous_9)
FNDA:0,(anonymous_10)
FNDA:0,(anonymous_11)
FNDA:0,(anonymous_12)
FNDA:0,(anonymous_13)
FNDA:0,(anonymous_14)
DA:7,0
DA:8,0
DA:9,0
DA:10,0
DA:13,0
DA:18,0
DA:21,0
DA:22,0
DA:23,0
DA:27,0
DA:28,0
DA:29,0
DA:32,0
DA:33,0
DA:39,0
DA:40,0
DA:42,0
DA:45,0
DA:46,0
DA:47,0
DA:50,0
DA:51,0
DA:52,0
DA:55,0
DA:56,0
DA:57,0
DA:60,0
DA:62,0
DA:68,0
DA:70,0
DA:77,0
DA:80,0
DA:81,0
DA:82,0
DA:83,0
DA:87,0
DA:88,0
DA:91,0
DA:92,0
DA:93,0
DA:97,0
DA:98,0
DA:107,0
DA:128,0
DA:141,0
DA:155,0
DA:185,0
DA:207,0
DA:238,0
LF:49
LH:0
BRDA:22,0,0,0
BRDA:42,1,0,0
BRDA:45,2,0,0
BRDA:45,3,0,0
BRDA:45,3,1,0
BRDA:45,3,2,0
BRDA:50,4,0,0
BRDA:55,5,0,0
BRDA:68,6,0,0
BRDA:82,7,0,0
BRDA:88,8,0,0
BRDA:88,8,1,0
BRDA:92,9,0,0
BRDA:97,10,0,0
BRDA:168,11,0,0
BRDA:168,11,1,0
BRDA:174,12,0,0
BRDA:174,12,1,0
BRDA:192,13,0,0
BRDA:192,13,1,0
BRDA:210,14,0,0
BRDA:210,14,1,0
BRDA:220,15,0,0
BRDA:220,15,1,0
BRDA:221,16,0,0
BRDA:221,16,1,0
BRDA:235,17,0,0
BRDA:235,17,1,0
BRF:28
BRH:0
end_of_record
TN:
SF:src/helpers/replication.ts
FN:13,(anonymous_0)
FN:24,startReplications
FN:42,(anonymous_2)
FN:43,(anonymous_3)
FN:46,(anonymous_4)
FN:65,(anonymous_5)
FN:66,(anonymous_6)
FN:69,(anonymous_7)
FN:76,stopReplications
FNF:9
FNH:0
FNDA:0,(anonymous_0)
FNDA:0,startReplications
FNDA:0,(anonymous_2)
FNDA:0,(anonymous_3)
FNDA:0,(anonymous_4)
FNDA:0,(anonymous_5)
FNDA:0,(anonymous_6)
FNDA:0,(anonymous_7)
FNDA:0,stopReplications
DA:13,0
DA:14,0
DA:16,0
DA:18,0
DA:22,0
DA:25,0
DA:28,0
DA:42,0
DA:43,0
DA:44,0
DA:46,0
DA:47,0
DA:51,0
DA:65,0
DA:66,0
DA:67,0
DA:69,0
DA:70,0
DA:73,0
DA:77,0
DA:78,0
LF:21
LH:0
BRDA:16,0,0,0
BRDA:16,0,1,0
BRF:2
BRH:0
end_of_record
TN:
SF:src/hooks/useAuth.tsx
FN:25,(anonymous_0)
FN:32,(anonymous_1)
FN:33,(anonymous_2)
FN:50,(anonymous_3)
FN:92,(anonymous_4)
FN:98,(anonymous_5)
FN:157,(anonymous_6)
FN:205,(anonymous_7)
FN:211,(anonymous_8)
FN:236,(anonymous_9)
FNF:10
FNH:0
FNDA:0,(anonymous_0)
FNDA:0,(anonymous_1)
FNDA:0,(anonymous_2)
FNDA:0,(anonymous_3)
FNDA:0,(anonymous_4)
FNDA:0,(anonymous_5)
FNDA:0,(anonymous_6)
FNDA:0,(anonymous_7)
FNDA:0,(anonymous_8)
FNDA:0,(anonymous_9)
DA:19,0
DA:25,0
DA:26,0
DA:27,0
DA:28,0
DA:29,0
DA:32,0
DA:33,0
DA:34,0
DA:35,0
DA:36,0
DA:37,0
DA:40,0
DA:41,0
DA:43,0
DA:47,0
DA:50,0
DA:51,0
DA:52,0
DA:55,0
DA:62,0
DA:63,0
DA:64,0
DA:67,0
DA:70,0
DA:72,0
DA:73,0
DA:74,0
DA:78,0
DA:79,0
DA:80,0
DA:81,0
DA:84,0
DA:85,0
DA:86,0
DA:88,0
DA:92,0
DA:93,0
DA:94,0
DA:95,0
DA:98,0
DA:103,0
DA:104,0
DA:107,0
DA:111,0
DA:112,0
DA:113,0
DA:116,0
DA:119,0
DA:121,0
DA:122,0
DA:123,0
DA:127,0
DA:128,0
DA:131,0
DA:139,0
DA:140,0
DA:141,0
DA:142,0
DA:145,0
DA:146,0
DA:149,0
DA:150,0
DA:151,0
DA:153,0
DA:157,0
DA:162,0
DA:163,0
DA:166,0
DA:170,0
DA:171,0
DA:172,0
DA:176,0
DA:177,0
DA:180,0
DA:181,0
DA:192,0
DA:193,0
DA:194,0
DA:197,0
DA:198,0
DA:199,0
DA:201,0
DA:205,0
DA:206,0
DA:207,0
DA:211,0
DA:213,0
DA:214,0
DA:215,0
DA:219,0
DA:229,0
DA:236,0
DA:237,0
DA:239,0
DA:240,0
DA:243,0
LF:97
LH:0
BRDA:36,0,0,0
BRDA:62,1,0,0
BRDA:72,2,0,0
BRDA:111,3,0,0
BRDA:121,4,0,0
BRDA:139,5,0,0
BRDA:139,6,0,0
BRDA:139,6,1,0
BRDA:170,7,0,0
BRDA:239,8,0,0
BRF:10
BRH:0
end_of_record
TN:
SF:src/hooks/useDatabase.tsx
FN:47,(anonymous_9)
FN:50,(anonymous_10)
FN:51,(anonymous_11)
FN:57,(anonymous_12)
FN:91,(anonymous_13)
FNF:5
FNH:5
FNDA:2,(anonymous_9)
FNDA:1,(anonymous_10)
FNDA:1,(anonymous_11)
FNDA:1,(anonymous_12)
FNDA:1,(anonymous_13)
DA:1,1
DA:8,1
DA:9,1
DA:41,1
DA:47,1
DA:48,2
DA:50,2
DA:51,1
DA:52,1
DA:53,1
DA:54,1
DA:57,2
DA:58,1
DA:59,1
DA:62,1
DA:63,1
DA:66,0
DA:70,1
DA:73,2
DA:74,1
DA:88,1
DA:91,1
DA:92,1
DA:94,1
DA:95,0
DA:98,1
LF:26
LH:24
BRDA:73,0,0,1
BRDA:94,1,0,0
BRF:2
BRH:1
end_of_record
TN:
SF:src/hooks/useReportTimeseries.ts
FN:29,(anonymous_0)
FN:41,(anonymous_1)
FN:42,(anonymous_2)
FN:78,(anonymous_3)
FN:102,(anonymous_4)
FN:128,(anonymous_5)
FN:139,(anonymous_6)
FN:145,(anonymous_7)
FN:146,(anonymous_8)
FN:152,(anonymous_9)
FN:160,(anonymous_10)
FN:166,(anonymous_11)
FNF:12
FNH:0
FNDA:0,(anonymous_0)
FNDA:0,(anonymous_1)
FNDA:0,(anonymous_2)
FNDA:0,(anonymous_3)
FNDA:0,(anonymous_4)
FNDA:0,(anonymous_5)
FNDA:0,(anonymous_6)
FNDA:0,(anonymous_7)
FNDA:0,(anonymous_8)
FNDA:0,(anonymous_9)
FNDA:0,(anonymous_10)
FNDA:0,(anonymous_11)
DA:29,0
DA:30,0
DA:31,0
DA:32,0
DA:33,0
DA:34,0
DA:41,0
DA:42,0
DA:43,0
DA:44,0
DA:45,0
DA:48,0
DA:62,0
DA:76,0
DA:77,0
DA:78,0
DA:79,0
DA:89,0
DA:91,0
DA:92,0
DA:94,0
DA:98,0
DA:102,0
DA:103,0
DA:104,0
DA:110,0
DA:113,0
DA:114,0
DA:115,0
DA:118,0
DA:119,0
DA:120,0
DA:128,0
DA:129,0
DA:130,0
DA:131,0
DA:132,0
DA:133,0
DA:138,0
DA:139,0
DA:140,0
DA:141,0
DA:144,0
DA:145,0
DA:146,0
DA:148,0
DA:152,0
DA:153,0
DA:154,0
DA:155,0
DA:160,0
DA:161,0
DA:165,0
DA:166,0
DA:175,0
DA:176,0
DA:178,0
DA:181,0
LF:58
LH:0
BRDA:77,0,0,0
BRDA:103,1,0,0
BRDA:103,2,0,0
BRDA:103,2,1,0
BRDA:132,3,0,0
BRDA:148,4,0,0
BRDA:148,4,1,0
BRDA:154,5,0,0
BRDA:176,6,0,0
BRDA:176,6,1,0
BRF:10
BRH:0
end_of_record
TN:
SF:src/hooks/useReportsKPIs.ts
FN:32,(anonymous_0)
FN:43,(anonymous_1)
FN:44,(anonymous_2)
FN:46,(anonymous_3)
FN:62,(anonymous_4)
FN:75,(anonymous_5)
FN:90,(anonymous_6)
FN:102,(anonymous_7)
FN:103,(anonymous_8)
FN:105,(anonymous_9)
FN:121,(anonymous_10)
FN:124,(anonymous_11)
FN:170,(anonymous_12)
FN:185,(anonymous_13)
FN:196,(anonymous_14)
FN:197,(anonymous_15)
FN:199,(anonymous_16)
FN:215,(anonymous_17)
FN:233,(anonymous_18)
FN:243,(anonymous_19)
FN:257,(anonymous_20)
FNF:21
FNH:0
FNDA:0,(anonymous_0)
FNDA:0,(anonymous_1)
FNDA:0,(anonymous_2)
FNDA:0,(anonymous_3)
FNDA:0,(anonymous_4)
FNDA:0,(anonymous_5)
FNDA:0,(anonymous_6)
FNDA:0,(anonymous_7)
FNDA:0,(anonymous_8)
FNDA:0,(anonymous_9)
FNDA:0,(anonymous_10)
FNDA:0,(anonymous_11)
FNDA:0,(anonymous_12)
FNDA:0,(anonymous_13)
FNDA:0,(anonymous_14)
FNDA:0,(anonymous_15)
FNDA:0,(anonymous_16)
FNDA:0,(anonymous_17)
FNDA:0,(anonymous_18)
FNDA:0,(anonymous_19)
FNDA:0,(anonymous_20)
DA:32,0
DA:33,0
DA:34,0
DA:35,0
DA:43,0
DA:44,0
DA:45,0
DA:46,0
DA:49,0
DA:62,0
DA:63,0
DA:64,0
DA:66,0
DA:74,0
DA:75,0
DA:83,0
DA:86,0
DA:90,0
DA:91,0
DA:92,0
DA:93,0
DA:102,0
DA:103,0
DA:104,0
DA:105,0
DA:108,0
DA:121,0
DA:124,0
DA:125,0
DA:127,0
DA:128,0
DA:138,0
DA:140,0
DA:151,0
DA:152,0
DA:157,0
DA:158,0
DA:160,0
DA:169,0
DA:170,0
DA:178,0
DA:181,0
DA:185,0
DA:186,0
DA:187,0
DA:188,0
DA:196,0
DA:197,0
DA:198,0
DA:199,0
DA:202,0
DA:215,0
DA:218,0
DA:231,0
DA:232,0
DA:233,0
DA:234,0
DA:243,0
DA:246,0
DA:248,0
DA:256,0
DA:257,0
DA:265,0
DA:268,0
LF:64
LH:0
BRDA:64,0,0,0
BRDA:64,0,1,0
BRDA:127,1,0,0
BRDA:151,2,0,0
BRDA:158,3,0,0
BRDA:158,3,1,0
BRDA:232,4,0,0
BRF:7
BRH:0
end_of_record
TN:
SF:src/hooks/useToast.tsx
FN:5,(anonymous_0)
FN:13,(anonymous_1)
FN:16,(anonymous_2)
FN:19,(anonymous_3)
FN:22,(anonymous_4)
FN:25,(anonymous_5)
FNF:6
FNH:6
FNDA:17,(anonymous_0)
FNDA:3,(anonymous_1)
FNDA:1,(anonymous_2)
FNDA:1,(anonymous_3)
FNDA:1,(anonymous_4)
FNDA:1,(anonymous_5)
DA:1,2
DA:2,2
DA:5,2
DA:6,17
DA:8,17
DA:9,0
DA:12,17
DA:14,3
DA:17,1
DA:20,1
DA:23,1
DA:26,1
LF:12
LH:11
BRDA:8,0,0,0
BRF:1
BRH:0
end_of_record
TN:
SF:src/shared/components/SideNavigation/SideNavigation.tsx
FN:6,(anonymous_0)
FN:81,(anonymous_1)
FN:92,(anonymous_2)
FN:93,(anonymous_3)
FN:104,(anonymous_4)
FN:108,(anonymous_5)
FN:115,(anonymous_6)
FN:117,(anonymous_7)
FN:128,(anonymous_8)
FN:135,(anonymous_9)
FN:143,(anonymous_10)
FN:154,(anonymous_11)
FN:159,(anonymous_12)
FN:212,(anonymous_13)
FN:218,(anonymous_14)
FN:234,(anonymous_15)
FNF:16
FNH:0
FNDA:0,(anonymous_0)
FNDA:0,(anonymous_1)
FNDA:0,(anonymous_2)
FNDA:0,(anonymous_3)
FNDA:0,(anonymous_4)
FNDA:0,(anonymous_5)
FNDA:0,(anonymous_6)
FNDA:0,(anonymous_7)
FNDA:0,(anonymous_8)
FNDA:0,(anonymous_9)
FNDA:0,(anonymous_10)
FNDA:0,(anonymous_11)
FNDA:0,(anonymous_12)
FNDA:0,(anonymous_13)
FNDA:0,(anonymous_14)
FNDA:0,(anonymous_15)
DA:6,0
DA:7,0
DA:42,0
DA:46,0
DA:74,0
DA:81,0
DA:87,0
DA:88,0
DA:89,0
DA:92,0
DA:93,0
DA:94,0
DA:98,0
DA:101,0
DA:104,0
DA:108,0
DA:109,0
DA:110,0
DA:115,0
DA:116,0
DA:117,0
DA:118,0
DA:119,0
DA:123,0
DA:126,0
DA:128,0
DA:129,0
DA:135,0
DA:136,0
DA:140,0
DA:143,0
DA:144,0
DA:145,0
DA:148,0
DA:149,0
DA:154,0
DA:155,0
DA:159,0
DA:160,0
DA:161,0
DA:165,0
DA:213,0
DA:218,0
DA:234,0
LF:44
LH:0
BRDA:42,0,0,0
BRDA:42,0,1,0
BRDA:109,1,0,0
BRDA:116,2,0,0
BRDA:116,3,0,0
BRDA:116,3,1,0
BRDA:116,3,2,0
BRDA:144,4,0,0
BRDA:148,5,0,0
BRDA:160,6,0,0
BRDA:168,7,0,0
BRDA:168,7,1,0
BRDA:181,8,0,0
BRDA:181,8,1,0
BRDA:181,8,2,0
BRDA:192,9,0,0
BRDA:192,9,1,0
BRDA:193,10,0,0
BRDA:193,10,1,0
BRDA:200,11,0,0
BRDA:200,11,1,0
BRDA:216,12,0,0
BRDA:216,12,1,0
BRDA:228,13,0,0
BRDA:228,13,1,0
BRDA:232,14,0,0
BRDA:232,14,1,0
BRF:27
BRH:0
end_of_record
TN:
SF:src/shared/components/Toast/ToastProvider.tsx
FN:25,(anonymous_0)
FN:28,(anonymous_1)
FN:36,(anonymous_2)
FN:40,(anonymous_3)
FN:46,(anonymous_4)
FN:47,(anonymous_5)
FN:47,(anonymous_6)
FN:64,(anonymous_7)
FN:69,(anonymous_8)
FN:82,(anonymous_9)
FN:83,(anonymous_10)
FN:99,(anonymous_11)
FN:107,(anonymous_12)
FNF:13
FNH:12
FNDA:17,(anonymous_0)
FNDA:7,(anonymous_1)
FNDA:7,(anonymous_2)
FNDA:2,(anonymous_3)
FNDA:3,(anonymous_4)
FNDA:2,(anonymous_5)
FNDA:2,(anonymous_6)
FNDA:17,(anonymous_7)
FNDA:7,(anonymous_8)
FNDA:7,(anonymous_9)
FNDA:7,(anonymous_10)
FNDA:1,(anonymous_11)
FNDA:0,(anonymous_12)
DA:1,2
DA:2,2
DA:19,2
DA:25,2
DA:26,17
DA:28,17
DA:33,7
DA:34,7
DA:36,7
DA:39,7
DA:40,7
DA:41,2
DA:46,17
DA:47,3
DA:50,17
DA:64,2
DA:65,17
DA:67,7
DA:70,7
DA:82,2
DA:83,7
DA:84,7
DA:86,4
DA:88,1
DA:90,1
DA:92,1
DA:96,7
DA:99,1
DA:108,0
DA:109,0
LF:30
LH:28
BRDA:30,0,0,0
BRDA:31,1,0,6
BRDA:39,2,0,7
BRDA:65,3,0,10
BRDA:84,4,0,4
BRDA:84,4,1,1
BRDA:84,4,2,1
BRDA:84,4,3,1
BRF:8
BRH:7
end_of_record
TN:
SF:src/utils/formatters.ts
FN:11,(anonymous_0)
FN:29,(anonymous_1)
FN:50,(anonymous_2)
FN:63,(anonymous_3)
FN:79,(anonymous_4)
FN:98,(anonymous_5)
FN:112,(anonymous_6)
FNF:7
FNH:6
FNDA:7,(anonymous_0)
FNDA:7,(anonymous_1)
FNDA:2,(anonymous_2)
FNDA:2,(anonymous_3)
FNDA:5,(anonymous_4)
FNDA:5,(anonymous_5)
FNDA:0,(anonymous_6)
DA:11,1
DA:13,7
DA:15,7
DA:29,1
DA:33,7
DA:35,7
DA:42,7
DA:50,1
DA:51,2
DA:63,1
DA:64,2
DA:79,1
DA:83,5
DA:89,5
DA:98,1
DA:99,5
DA:112,1
DA:113,0
DA:114,0
DA:117,0
DA:118,0
DA:121,0
LF:22
LH:17
BRDA:31,0,0,2
BRDA:33,1,0,3
BRDA:33,1,1,4
BRDA:81,2,0,4
BRDA:98,3,0,4
BRDA:117,4,0,0
BRF:6
BRH:5
end_of_record
TN:
SF:src/utils/sampleData.ts
FN:137,(anonymous_0)
FN:146,(anonymous_1)
FN:167,(anonymous_2)
FN:190,(anonymous_3)
FN:192,(anonymous_4)
FN:193,(anonymous_5)
FNF:6
FNH:0
FNDA:0,(anonymous_0)
FNDA:0,(anonymous_1)
FNDA:0,(anonymous_2)
FNDA:0,(anonymous_3)
FNDA:0,(anonymous_4)
FNDA:0,(anonymous_5)
DA:6,0
DA:120,0
DA:137,0
DA:138,0
DA:139,0
DA:142,0
DA:144,0
DA:146,0
DA:152,0
DA:153,0
DA:155,0
DA:159,0
DA:161,0
DA:163,0
DA:164,0
DA:165,0
DA:167,0
DA:174,0
DA:175,0
DA:176,0
DA:177,0
DA:178,0
DA:180,0
DA:184,0
DA:185,0
DA:190,0
DA:191,0
DA:192,0
DA:193,0
DA:196,0
DA:204,0
DA:205,0
DA:209,0
DA:217,0
DA:218,0
DA:221,0
DA:222,0
DA:224,0
DA:225,0
LF:39
LH:0
BRDA:144,0,0,0
BRDA:144,0,1,0
BRDA:161,1,0,0
BRDA:161,1,1,0
BRF:4
BRH:0
end_of_record
